Running main() from /tmp/tmpuqn3v2gn/student/unit_tests/lib/googletest/src/gtest_main.cc
[==========] Running 15 tests from 1 test suite.
[----------] Global test environment set-up.
[----------] 15 tests from ObjectListTester
[ RUN      ] ObjectListTester.constructionWithDefaultConstructor_expectedAllElementsAreZero
[       OK ] ObjectListTester.constructionWithDefaultConstructor_expectedAllElementsAreZero (0 ms)
[ RUN      ] ObjectListTester.pushFrontOfElements_expectedSizeIncreases
[       OK ] ObjectListTester.pushFrontOfElements_expectedSizeIncreases (0 ms)
[ RUN      ] ObjectListTester.pushFrontOfDuplicatedElements_expectedSizeIncreasesOnlyWhenUniqueElementAdded
[       OK ] ObjectListTester.pushFrontOfDuplicatedElements_expectedSizeIncreasesOnlyWhenUniqueElementAdded (0 ms)
[ RUN      ] ObjectListTester.popFrontOfElements_expectedSizeDecreases
[       OK ] ObjectListTester.popFrontOfElements_expectedSizeDecreases (0 ms)
[ RUN      ] ObjectListTester.frontOfLists_expectedCorrectFirstElementReturned
[       OK ] ObjectListTester.frontOfLists_expectedCorrectFirstElementReturned (0 ms)
[ RUN      ] ObjectListTester.clear_expectedAllElementsRemoved
[       OK ] ObjectListTester.clear_expectedAllElementsRemoved (0 ms)
[ RUN      ] ObjectListTester.reverse_expectedAllElementsReversed
[       OK ] ObjectListTester.reverse_expectedAllElementsReversed (0 ms)
[ RUN      ] ObjectListTester.iteratorMethodsSyntaxCorrect_expectedChecksPasses
[       OK ] ObjectListTester.iteratorMethodsSyntaxCorrect_expectedChecksPasses (0 ms)
[ RUN      ] ObjectListTester.loopingWithIterators_expectedSuccess
[       OK ] ObjectListTester.loopingWithIterators_expectedSuccess (0 ms)
[ RUN      ] ObjectListTester.eraseAfterMiddleElement_expectedMiddleElementErased
[       OK ] ObjectListTester.eraseAfterMiddleElement_expectedMiddleElementErased (0 ms)
[ RUN      ] ObjectListTester.eraseMiddleElement_expectedMiddleElementErased
[       OK ] ObjectListTester.eraseMiddleElement_expectedMiddleElementErased (0 ms)
[ RUN      ] ObjectListTester.copyConstructorImplemented_expected2ListsWithTheSameElementsInTheSameOrder
[       OK ] ObjectListTester.copyConstructorImplemented_expected2ListsWithTheSameElementsInTheSameOrder (0 ms)
[ RUN      ] ObjectListTester.moveConstructorImplemented_expectedAllElementsMovedToOrderContainer
[       OK ] ObjectListTester.moveConstructorImplemented_expectedAllElementsMovedToOrderContainer (0 ms)
[ RUN      ] ObjectListTester.assignmentOperatorCopying_expectedNewValues
[       OK ] ObjectListTester.assignmentOperatorCopying_expectedNewValues (0 ms)
[ RUN      ] ObjectListTester.assignmentOperatorMoving_expectedAllElementsMoved
[       OK ] ObjectListTester.assignmentOperatorMoving_expectedAllElementsMoved (0 ms)
[----------] 15 tests from ObjectListTester (3 ms total)

[----------] Global test environment tear-down
[==========] 15 tests from 1 test suite ran. (4 ms total)
[  PASSED  ] 15 tests.

=================================================================
==339==ERROR: LeakSanitizer: detected memory leaks

Direct leak of 400 byte(s) in 10 object(s) allocated from:
    #0 0x7f206fc18ba8 in operator new(unsigned long) ../../../../src/libsanitizer/asan/asan_new_delete.cpp:95
    #1 0x55680baa158d in ObjectListTester_pushFrontOfDuplicatedElements_expectedSizeIncreasesOnlyWhenUniqueElementAdded_Test::TestBody() /tmp/tmpuqn3v2gn/student/unit_tests/objectUniqueListTest.cpp:71
    #2 0x55680bc28469 in void testing::internal::HandleSehExceptionsInMethodIfSupported<testing::Test, void>(testing::Test*, void (testing::Test::*)(), char const*) /tmp/tmpuqn3v2gn/student/unit_tests/lib/googletest/src/gtest.cc:2653
    #3 0x55680bbfb38b in void testing::internal::HandleExceptionsInMethodIfSupported<testing::Test, void>(testing::Test*, void (testing::Test::*)(), char const*) /tmp/tmpuqn3v2gn/student/unit_tests/lib/googletest/src/gtest.cc:2689
    #4 0x55680bb3c74f in testing::Test::Run() /tmp/tmpuqn3v2gn/student/unit_tests/lib/googletest/src/gtest.cc:2728
    #5 0x55680bb4051c in testing::TestInfo::Run() /tmp/tmpuqn3v2gn/student/unit_tests/lib/googletest/src/gtest.cc:2874
    #6 0x55680bb44dc7 in testing::TestSuite::Run() /tmp/tmpuqn3v2gn/student/unit_tests/lib/googletest/src/gtest.cc:3052
    #7 0x55680bb908db in testing::internal::UnitTestImpl::RunAllTests() /tmp/tmpuqn3v2gn/student/unit_tests/lib/googletest/src/gtest.cc:6004
    #8 0x55680bc2f35d in bool testing::internal::HandleSehExceptionsInMethodIfSupported<testing::internal::UnitTestImpl, bool>(testing::internal::UnitTestImpl*, bool (testing::internal::UnitTestImpl::*)(), char const*) /tmp/tmpuqn3v2gn/student/unit_tests/lib/googletest/src/gtest.cc:2653
    #9 0x55680bc0187a in bool testing::internal::HandleExceptionsInMethodIfSupported<testing::internal::UnitTestImpl, bool>(testing::internal::UnitTestImpl*, bool (testing::internal::UnitTestImpl::*)(), char const*) /tmp/tmpuqn3v2gn/student/unit_tests/lib/googletest/src/gtest.cc:2689
    #10 0x55680bb82d49 in testing::UnitTest::Run() /tmp/tmpuqn3v2gn/student/unit_tests/lib/googletest/src/gtest.cc:5583
    #11 0x55680bc8ff8e in RUN_ALL_TESTS() /tmp/tmpuqn3v2gn/student/unit_tests/lib/googletest/include/gtest/gtest.h:2334
    #12 0x55680bc8fddb in main /tmp/tmpuqn3v2gn/student/unit_tests/lib/googletest/src/gtest_main.cc:64
    #13 0x7f206efb1d8f in __libc_start_call_main ../sysdeps/nptl/libc_start_call_main.h:58

Direct leak of 400 byte(s) in 10 object(s) allocated from:
    #0 0x7f206fc18ba8 in operator new(unsigned long) ../../../../src/libsanitizer/asan/asan_new_delete.cpp:95
    #1 0x55680baa2329 in ObjectListTester_popFrontOfElements_expectedSizeDecreases_Test::TestBody() /tmp/tmpuqn3v2gn/student/unit_tests/objectUniqueListTest.cpp:88
    #2 0x55680bc28469 in void testing::internal::HandleSehExceptionsInMethodIfSupported<testing::Test, void>(testing::Test*, void (testing::Test::*)(), char const*) /tmp/tmpuqn3v2gn/student/unit_tests/lib/googletest/src/gtest.cc:2653
    #3 0x55680bbfb38b in void testing::internal::HandleExceptionsInMethodIfSupported<testing::Test, void>(testing::Test*, void (testing::Test::*)(), char const*) /tmp/tmpuqn3v2gn/student/unit_tests/lib/googletest/src/gtest.cc:2689
    #4 0x55680bb3c74f in testing::Test::Run() /tmp/tmpuqn3v2gn/student/unit_tests/lib/googletest/src/gtest.cc:2728
    #5 0x55680bb4051c in testing::TestInfo::Run() /tmp/tmpuqn3v2gn/student/unit_tests/lib/googletest/src/gtest.cc:2874
    #6 0x55680bb44dc7 in testing::TestSuite::Run() /tmp/tmpuqn3v2gn/student/unit_tests/lib/googletest/src/gtest.cc:3052
    #7 0x55680bb908db in testing::internal::UnitTestImpl::RunAllTests() /tmp/tmpuqn3v2gn/student/unit_tests/lib/googletest/src/gtest.cc:6004
    #8 0x55680bc2f35d in bool testing::internal::HandleSehExceptionsInMethodIfSupported<testing::internal::UnitTestImpl, bool>(testing::internal::UnitTestImpl*, bool (testing::internal::UnitTestImpl::*)(), char const*) /tmp/tmpuqn3v2gn/student/unit_tests/lib/googletest/src/gtest.cc:2653
    #9 0x55680bc0187a in bool testing::internal::HandleExceptionsInMethodIfSupported<testing::internal::UnitTestImpl, bool>(testing::internal::UnitTestImpl*, bool (testing::internal::UnitTestImpl::*)(), char const*) /tmp/tmpuqn3v2gn/student/unit_tests/lib/googletest/src/gtest.cc:2689
    #10 0x55680bb82d49 in testing::UnitTest::Run() /tmp/tmpuqn3v2gn/student/unit_tests/lib/googletest/src/gtest.cc:5583
    #11 0x55680bc8ff8e in RUN_ALL_TESTS() /tmp/tmpuqn3v2gn/student/unit_tests/lib/googletest/include/gtest/gtest.h:2334
    #12 0x55680bc8fddb in main /tmp/tmpuqn3v2gn/student/unit_tests/lib/googletest/src/gtest_main.cc:64
    #13 0x7f206efb1d8f in __libc_start_call_main ../sysdeps/nptl/libc_start_call_main.h:58

Direct leak of 400 byte(s) in 10 object(s) allocated from:
    #0 0x7f206fc18ba8 in operator new(unsigned long) ../../../../src/libsanitizer/asan/asan_new_delete.cpp:95
    #1 0x55680baa76da in ObjectListTester_reverse_expectedAllElementsReversed_Test::TestBody() /tmp/tmpuqn3v2gn/student/unit_tests/objectUniqueListTest.cpp:178
    #2 0x55680bc28469 in void testing::internal::HandleSehExceptionsInMethodIfSupported<testing::Test, void>(testing::Test*, void (testing::Test::*)(), char const*) /tmp/tmpuqn3v2gn/student/unit_tests/lib/googletest/src/gtest.cc:2653
    #3 0x55680bbfb38b in void testing::internal::HandleExceptionsInMethodIfSupported<testing::Test, void>(testing::Test*, void (testing::Test::*)(), char const*) /tmp/tmpuqn3v2gn/student/unit_tests/lib/googletest/src/gtest.cc:2689
    #4 0x55680bb3c74f in testing::Test::Run() /tmp/tmpuqn3v2gn/student/unit_tests/lib/googletest/src/gtest.cc:2728
    #5 0x55680bb4051c in testing::TestInfo::Run() /tmp/tmpuqn3v2gn/student/unit_tests/lib/googletest/src/gtest.cc:2874
    #6 0x55680bb44dc7 in testing::TestSuite::Run() /tmp/tmpuqn3v2gn/student/unit_tests/lib/googletest/src/gtest.cc:3052
    #7 0x55680bb908db in testing::internal::UnitTestImpl::RunAllTests() /tmp/tmpuqn3v2gn/student/unit_tests/lib/googletest/src/gtest.cc:6004
    #8 0x55680bc2f35d in bool testing::internal::HandleSehExceptionsInMethodIfSupported<testing::internal::UnitTestImpl, bool>(testing::internal::UnitTestImpl*, bool (testing::internal::UnitTestImpl::*)(), char const*) /tmp/tmpuqn3v2gn/student/unit_tests/lib/googletest/src/gtest.cc:2653
    #9 0x55680bc0187a in bool testing::internal::HandleExceptionsInMethodIfSupported<testing::internal::UnitTestImpl, bool>(testing::internal::UnitTestImpl*, bool (testing::internal::UnitTestImpl::*)(), char const*) /tmp/tmpuqn3v2gn/student/unit_tests/lib/googletest/src/gtest.cc:2689
    #10 0x55680bb82d49 in testing::UnitTest::Run() /tmp/tmpuqn3v2gn/student/unit_tests/lib/googletest/src/gtest.cc:5583
    #11 0x55680bc8ff8e in RUN_ALL_TESTS() /tmp/tmpuqn3v2gn/student/unit_tests/lib/googletest/include/gtest/gtest.h:2334
    #12 0x55680bc8fddb in main /tmp/tmpuqn3v2gn/student/unit_tests/lib/googletest/src/gtest_main.cc:64
    #13 0x7f206efb1d8f in __libc_start_call_main ../sysdeps/nptl/libc_start_call_main.h:58

Direct leak of 400 byte(s) in 10 object(s) allocated from:
    #0 0x7f206fc18ba8 in operator new(unsigned long) ../../../../src/libsanitizer/asan/asan_new_delete.cpp:95
    #1 0x55680baa408b in ObjectListTester_frontOfLists_expectedCorrectFirstElementReturned_Test::TestBody() /tmp/tmpuqn3v2gn/student/unit_tests/objectUniqueListTest.cpp:118
    #2 0x55680bc28469 in void testing::internal::HandleSehExceptionsInMethodIfSupported<testing::Test, void>(testing::Test*, void (testing::Test::*)(), char const*) /tmp/tmpuqn3v2gn/student/unit_tests/lib/googletest/src/gtest.cc:2653
    #3 0x55680bbfb38b in void testing::internal::HandleExceptionsInMethodIfSupported<testing::Test, void>(testing::Test*, void (testing::Test::*)(), char const*) /tmp/tmpuqn3v2gn/student/unit_tests/lib/googletest/src/gtest.cc:2689
    #4 0x55680bb3c74f in testing::Test::Run() /tmp/tmpuqn3v2gn/student/unit_tests/lib/googletest/src/gtest.cc:2728
    #5 0x55680bb4051c in testing::TestInfo::Run() /tmp/tmpuqn3v2gn/student/unit_tests/lib/googletest/src/gtest.cc:2874
    #6 0x55680bb44dc7 in testing::TestSuite::Run() /tmp/tmpuqn3v2gn/student/unit_tests/lib/googletest/src/gtest.cc:3052
    #7 0x55680bb908db in testing::internal::UnitTestImpl::RunAllTests() /tmp/tmpuqn3v2gn/student/unit_tests/lib/googletest/src/gtest.cc:6004
    #8 0x55680bc2f35d in bool testing::internal::HandleSehExceptionsInMethodIfSupported<testing::internal::UnitTestImpl, bool>(testing::internal::UnitTestImpl*, bool (testing::internal::UnitTestImpl::*)(), char const*) /tmp/tmpuqn3v2gn/student/unit_tests/lib/googletest/src/gtest.cc:2653
    #9 0x55680bc0187a in bool testing::internal::HandleExceptionsInMethodIfSupported<testing::internal::UnitTestImpl, bool>(testing::internal::UnitTestImpl*, bool (testing::internal::UnitTestImpl::*)(), char const*) /tmp/tmpuqn3v2gn/student/unit_tests/lib/googletest/src/gtest.cc:2689
    #10 0x55680bb82d49 in testing::UnitTest::Run() /tmp/tmpuqn3v2gn/student/unit_tests/lib/googletest/src/gtest.cc:5583
    #11 0x55680bc8ff8e in RUN_ALL_TESTS() /tmp/tmpuqn3v2gn/student/unit_tests/lib/googletest/include/gtest/gtest.h:2334
    #12 0x55680bc8fddb in main /tmp/tmpuqn3v2gn/student/unit_tests/lib/googletest/src/gtest_main.cc:64
    #13 0x7f206efb1d8f in __libc_start_call_main ../sysdeps/nptl/libc_start_call_main.h:58

Direct leak of 400 byte(s) in 10 object(s) allocated from:
    #0 0x7f206fc18ba8 in operator new(unsigned long) ../../../../src/libsanitizer/asan/asan_new_delete.cpp:95
    #1 0x55680baa5e84 in ObjectListTester_clear_expectedAllElementsRemoved_Test::TestBody() /tmp/tmpuqn3v2gn/student/unit_tests/objectUniqueListTest.cpp:153
    #2 0x55680bc28469 in void testing::internal::HandleSehExceptionsInMethodIfSupported<testing::Test, void>(testing::Test*, void (testing::Test::*)(), char const*) /tmp/tmpuqn3v2gn/student/unit_tests/lib/googletest/src/gtest.cc:2653
    #3 0x55680bbfb38b in void testing::internal::HandleExceptionsInMethodIfSupported<testing::Test, void>(testing::Test*, void (testing::Test::*)(), char const*) /tmp/tmpuqn3v2gn/student/unit_tests/lib/googletest/src/gtest.cc:2689
    #4 0x55680bb3c74f in testing::Test::Run() /tmp/tmpuqn3v2gn/student/unit_tests/lib/googletest/src/gtest.cc:2728
    #5 0x55680bb4051c in testing::TestInfo::Run() /tmp/tmpuqn3v2gn/student/unit_tests/lib/googletest/src/gtest.cc:2874
    #6 0x55680bb44dc7 in testing::TestSuite::Run() /tmp/tmpuqn3v2gn/student/unit_tests/lib/googletest/src/gtest.cc:3052
    #7 0x55680bb908db in testing::internal::UnitTestImpl::RunAllTests() /tmp/tmpuqn3v2gn/student/unit_tests/lib/googletest/src/gtest.cc:6004
    #8 0x55680bc2f35d in bool testing::internal::HandleSehExceptionsInMethodIfSupported<testing::internal::UnitTestImpl, bool>(testing::internal::UnitTestImpl*, bool (testing::internal::UnitTestImpl::*)(), char const*) /tmp/tmpuqn3v2gn/student/unit_tests/lib/googletest/src/gtest.cc:2653
    #9 0x55680bc0187a in bool testing::internal::HandleExceptionsInMethodIfSupported<testing::internal::UnitTestImpl, bool>(testing::internal::UnitTestImpl*, bool (testing::internal::UnitTestImpl::*)(), char const*) /tmp/tmpuqn3v2gn/student/unit_tests/lib/googletest/src/gtest.cc:2689
    #10 0x55680bb82d49 in testing::UnitTest::Run() /tmp/tmpuqn3v2gn/student/unit_tests/lib/googletest/src/gtest.cc:5583
    #11 0x55680bc8ff8e in RUN_ALL_TESTS() /tmp/tmpuqn3v2gn/student/unit_tests/lib/googletest/include/gtest/gtest.h:2334
    #12 0x55680bc8fddb in main /tmp/tmpuqn3v2gn/student/unit_tests/lib/googletest/src/gtest_main.cc:64
    #13 0x7f206efb1d8f in __libc_start_call_main ../sysdeps/nptl/libc_start_call_main.h:58

Direct leak of 400 byte(s) in 10 object(s) allocated from:
    #0 0x7f206fc18ba8 in operator new(unsigned long) ../../../../src/libsanitizer/asan/asan_new_delete.cpp:95
    #1 0x55680bab49fb in ObjectListTester_assignmentOperatorMoving_expectedAllElementsMoved_Test::TestBody() /tmp/tmpuqn3v2gn/student/unit_tests/objectUniqueListTest.cpp:474
    #2 0x55680bc28469 in void testing::internal::HandleSehExceptionsInMethodIfSupported<testing::Test, void>(testing::Test*, void (testing::Test::*)(), char const*) /tmp/tmpuqn3v2gn/student/unit_tests/lib/googletest/src/gtest.cc:2653
    #3 0x55680bbfb38b in void testing::internal::HandleExceptionsInMethodIfSupported<testing::Test, void>(testing::Test*, void (testing::Test::*)(), char const*) /tmp/tmpuqn3v2gn/student/unit_tests/lib/googletest/src/gtest.cc:2689
    #4 0x55680bb3c74f in testing::Test::Run() /tmp/tmpuqn3v2gn/student/unit_tests/lib/googletest/src/gtest.cc:2728
    #5 0x55680bb4051c in testing::TestInfo::Run() /tmp/tmpuqn3v2gn/student/unit_tests/lib/googletest/src/gtest.cc:2874
    #6 0x55680bb44dc7 in testing::TestSuite::Run() /tmp/tmpuqn3v2gn/student/unit_tests/lib/googletest/src/gtest.cc:3052
    #7 0x55680bb908db in testing::internal::UnitTestImpl::RunAllTests() /tmp/tmpuqn3v2gn/student/unit_tests/lib/googletest/src/gtest.cc:6004
    #8 0x55680bc2f35d in bool testing::internal::HandleSehExceptionsInMethodIfSupported<testing::internal::UnitTestImpl, bool>(testing::internal::UnitTestImpl*, bool (testing::internal::UnitTestImpl::*)(), char const*) /tmp/tmpuqn3v2gn/student/unit_tests/lib/googletest/src/gtest.cc:2653
    #9 0x55680bc0187a in bool testing::internal::HandleExceptionsInMethodIfSupported<testing::internal::UnitTestImpl, bool>(testing::internal::UnitTestImpl*, bool (testing::internal::UnitTestImpl::*)(), char const*) /tmp/tmpuqn3v2gn/student/unit_tests/lib/googletest/src/gtest.cc:2689
    #10 0x55680bb82d49 in testing::UnitTest::Run() /tmp/tmpuqn3v2gn/student/unit_tests/lib/googletest/src/gtest.cc:5583
    #11 0x55680bc8ff8e in RUN_ALL_TESTS() /tmp/tmpuqn3v2gn/student/unit_tests/lib/googletest/include/gtest/gtest.h:2334
    #12 0x55680bc8fddb in main /tmp/tmpuqn3v2gn/student/unit_tests/lib/googletest/src/gtest_main.cc:64
    #13 0x7f206efb1d8f in __libc_start_call_main ../sysdeps/nptl/libc_start_call_main.h:58

Direct leak of 120 byte(s) in 3 object(s) allocated from:
    #0 0x7f206fc18ba8 in operator new(unsigned long) ../../../../src/libsanitizer/asan/asan_new_delete.cpp:95
    #1 0x55680bab033c in ObjectListTester_assignmentOperatorCopying_expectedNewValues_Test::TestBody() /tmp/tmpuqn3v2gn/student/unit_tests/objectUniqueListTest.cpp:408
    #2 0x55680bc28469 in void testing::internal::HandleSehExceptionsInMethodIfSupported<testing::Test, void>(testing::Test*, void (testing::Test::*)(), char const*) /tmp/tmpuqn3v2gn/student/unit_tests/lib/googletest/src/gtest.cc:2653
    #3 0x55680bbfb38b in void testing::internal::HandleExceptionsInMethodIfSupported<testing::Test, void>(testing::Test*, void (testing::Test::*)(), char const*) /tmp/tmpuqn3v2gn/student/unit_tests/lib/googletest/src/gtest.cc:2689
    #4 0x55680bb3c74f in testing::Test::Run() /tmp/tmpuqn3v2gn/student/unit_tests/lib/googletest/src/gtest.cc:2728
    #5 0x55680bb4051c in testing::TestInfo::Run() /tmp/tmpuqn3v2gn/student/unit_tests/lib/googletest/src/gtest.cc:2874
    #6 0x55680bb44dc7 in testing::TestSuite::Run() /tmp/tmpuqn3v2gn/student/unit_tests/lib/googletest/src/gtest.cc:3052
    #7 0x55680bb908db in testing::internal::UnitTestImpl::RunAllTests() /tmp/tmpuqn3v2gn/student/unit_tests/lib/googletest/src/gtest.cc:6004
    #8 0x55680bc2f35d in bool testing::internal::HandleSehExceptionsInMethodIfSupported<testing::internal::UnitTestImpl, bool>(testing::internal::UnitTestImpl*, bool (testing::internal::UnitTestImpl::*)(), char const*) /tmp/tmpuqn3v2gn/student/unit_tests/lib/googletest/src/gtest.cc:2653
    #9 0x55680bc0187a in bool testing::internal::HandleExceptionsInMethodIfSupported<testing::internal::UnitTestImpl, bool>(testing::internal::UnitTestImpl*, bool (testing::internal::UnitTestImpl::*)(), char const*) /tmp/tmpuqn3v2gn/student/unit_tests/lib/googletest/src/gtest.cc:2689
    #10 0x55680bb82d49 in testing::UnitTest::Run() /tmp/tmpuqn3v2gn/student/unit_tests/lib/googletest/src/gtest.cc:5583
    #11 0x55680bc8ff8e in RUN_ALL_TESTS() /tmp/tmpuqn3v2gn/student/unit_tests/lib/googletest/include/gtest/gtest.h:2334
    #12 0x55680bc8fddb in main /tmp/tmpuqn3v2gn/student/unit_tests/lib/googletest/src/gtest_main.cc:64
    #13 0x7f206efb1d8f in __libc_start_call_main ../sysdeps/nptl/libc_start_call_main.h:58

Direct leak of 40 byte(s) in 1 object(s) allocated from:
    #0 0x7f206fc18ba8 in operator new(unsigned long) ../../../../src/libsanitizer/asan/asan_new_delete.cpp:95
    #1 0x55680baaba7b in ObjectListTester_eraseMiddleElement_expectedMiddleElementErased_Test::TestBody() /tmp/tmpuqn3v2gn/student/unit_tests/objectUniqueListTest.cpp:298
    #2 0x55680bc28469 in void testing::internal::HandleSehExceptionsInMethodIfSupported<testing::Test, void>(testing::Test*, void (testing::Test::*)(), char const*) /tmp/tmpuqn3v2gn/student/unit_tests/lib/googletest/src/gtest.cc:2653
    #3 0x55680bbfb38b in void testing::internal::HandleExceptionsInMethodIfSupported<testing::Test, void>(testing::Test*, void (testing::Test::*)(), char const*) /tmp/tmpuqn3v2gn/student/unit_tests/lib/googletest/src/gtest.cc:2689
    #4 0x55680bb3c74f in testing::Test::Run() /tmp/tmpuqn3v2gn/student/unit_tests/lib/googletest/src/gtest.cc:2728
    #5 0x55680bb4051c in testing::TestInfo::Run() /tmp/tmpuqn3v2gn/student/unit_tests/lib/googletest/src/gtest.cc:2874
    #6 0x55680bb44dc7 in testing::TestSuite::Run() /tmp/tmpuqn3v2gn/student/unit_tests/lib/googletest/src/gtest.cc:3052
    #7 0x55680bb908db in testing::internal::UnitTestImpl::RunAllTests() /tmp/tmpuqn3v2gn/student/unit_tests/lib/googletest/src/gtest.cc:6004
    #8 0x55680bc2f35d in bool testing::internal::HandleSehExceptionsInMethodIfSupported<testing::internal::UnitTestImpl, bool>(testing::internal::UnitTestImpl*, bool (testing::internal::UnitTestImpl::*)(), char const*) /tmp/tmpuqn3v2gn/student/unit_tests/lib/googletest/src/gtest.cc:2653
    #9 0x55680bc0187a in bool testing::internal::HandleExceptionsInMethodIfSupported<testing::internal::UnitTestImpl, bool>(testing::internal::UnitTestImpl*, bool (testing::internal::UnitTestImpl::*)(), char const*) /tmp/tmpuqn3v2gn/student/unit_tests/lib/googletest/src/gtest.cc:2689
    #10 0x55680bb82d49 in testing::UnitTest::Run() /tmp/tmpuqn3v2gn/student/unit_tests/lib/googletest/src/gtest.cc:5583
    #11 0x55680bc8ff8e in RUN_ALL_TESTS() /tmp/tmpuqn3v2gn/student/unit_tests/lib/googletest/include/gtest/gtest.h:2334
    #12 0x55680bc8fddb in main /tmp/tmpuqn3v2gn/student/unit_tests/lib/googletest/src/gtest_main.cc:64
    #13 0x7f206efb1d8f in __libc_start_call_main ../sysdeps/nptl/libc_start_call_main.h:58

Direct leak of 40 byte(s) in 1 object(s) allocated from:
    #0 0x7f206fc18ba8 in operator new(unsigned long) ../../../../src/libsanitizer/asan/asan_new_delete.cpp:95
    #1 0x55680baaa6c8 in ObjectListTester_eraseAfterMiddleElement_expectedMiddleElementErased_Test::TestBody() /tmp/tmpuqn3v2gn/student/unit_tests/objectUniqueListTest.cpp:258
    #2 0x55680bc28469 in void testing::internal::HandleSehExceptionsInMethodIfSupported<testing::Test, void>(testing::Test*, void (testing::Test::*)(), char const*) /tmp/tmpuqn3v2gn/student/unit_tests/lib/googletest/src/gtest.cc:2653
    #3 0x55680bbfb38b in void testing::internal::HandleExceptionsInMethodIfSupported<testing::Test, void>(testing::Test*, void (testing::Test::*)(), char const*) /tmp/tmpuqn3v2gn/student/unit_tests/lib/googletest/src/gtest.cc:2689
    #4 0x55680bb3c74f in testing::Test::Run() /tmp/tmpuqn3v2gn/student/unit_tests/lib/googletest/src/gtest.cc:2728
    #5 0x55680bb4051c in testing::TestInfo::Run() /tmp/tmpuqn3v2gn/student/unit_tests/lib/googletest/src/gtest.cc:2874
    #6 0x55680bb44dc7 in testing::TestSuite::Run() /tmp/tmpuqn3v2gn/student/unit_tests/lib/googletest/src/gtest.cc:3052
    #7 0x55680bb908db in testing::internal::UnitTestImpl::RunAllTests() /tmp/tmpuqn3v2gn/student/unit_tests/lib/googletest/src/gtest.cc:6004
    #8 0x55680bc2f35d in bool testing::internal::HandleSehExceptionsInMethodIfSupported<testing::internal::UnitTestImpl, bool>(testing::internal::UnitTestImpl*, bool (testing::internal::UnitTestImpl::*)(), char const*) /tmp/tmpuqn3v2gn/student/unit_tests/lib/googletest/src/gtest.cc:2653
    #9 0x55680bc0187a in bool testing::internal::HandleExceptionsInMethodIfSupported<testing::internal::UnitTestImpl, bool>(testing::internal::UnitTestImpl*, bool (testing::internal::UnitTestImpl::*)(), char const*) /tmp/tmpuqn3v2gn/student/unit_tests/lib/googletest/src/gtest.cc:2689
    #10 0x55680bb82d49 in testing::UnitTest::Run() /tmp/tmpuqn3v2gn/student/unit_tests/lib/googletest/src/gtest.cc:5583
    #11 0x55680bc8ff8e in RUN_ALL_TESTS() /tmp/tmpuqn3v2gn/student/unit_tests/lib/googletest/include/gtest/gtest.h:2334
    #12 0x55680bc8fddb in main /tmp/tmpuqn3v2gn/student/unit_tests/lib/googletest/src/gtest_main.cc:64
    #13 0x7f206efb1d8f in __libc_start_call_main ../sysdeps/nptl/libc_start_call_main.h:58

Indirect leak of 400 byte(s) in 10 object(s) allocated from:
    #0 0x7f206fc18ba8 in operator new(unsigned long) ../../../../src/libsanitizer/asan/asan_new_delete.cpp:95
    #1 0x55680baacd8c in ObjectListTester_copyConstructorImplemented_expected2ListsWithTheSameElementsInTheSameOrder_Test::TestBody() /tmp/tmpuqn3v2gn/student/unit_tests/objectUniqueListTest.cpp:336
    #2 0x55680bc28469 in void testing::internal::HandleSehExceptionsInMethodIfSupported<testing::Test, void>(testing::Test*, void (testing::Test::*)(), char const*) /tmp/tmpuqn3v2gn/student/unit_tests/lib/googletest/src/gtest.cc:2653
    #3 0x55680bbfb38b in void testing::internal::HandleExceptionsInMethodIfSupported<testing::Test, void>(testing::Test*, void (testing::Test::*)(), char const*) /tmp/tmpuqn3v2gn/student/unit_tests/lib/googletest/src/gtest.cc:2689
    #4 0x55680bb3c74f in testing::Test::Run() /tmp/tmpuqn3v2gn/student/unit_tests/lib/googletest/src/gtest.cc:2728
    #5 0x55680bb4051c in testing::TestInfo::Run() /tmp/tmpuqn3v2gn/student/unit_tests/lib/googletest/src/gtest.cc:2874
    #6 0x55680bb44dc7 in testing::TestSuite::Run() /tmp/tmpuqn3v2gn/student/unit_tests/lib/googletest/src/gtest.cc:3052
    #7 0x55680bb908db in testing::internal::UnitTestImpl::RunAllTests() /tmp/tmpuqn3v2gn/student/unit_tests/lib/googletest/src/gtest.cc:6004
    #8 0x55680bc2f35d in bool testing::internal::HandleSehExceptionsInMethodIfSupported<testing::internal::UnitTestImpl, bool>(testing::internal::UnitTestImpl*, bool (testing::internal::UnitTestImpl::*)(), char const*) /tmp/tmpuqn3v2gn/student/unit_tests/lib/googletest/src/gtest.cc:2653
    #9 0x55680bc0187a in bool testing::internal::HandleExceptionsInMethodIfSupported<testing::internal::UnitTestImpl, bool>(testing::internal::UnitTestImpl*, bool (testing::internal::UnitTestImpl::*)(), char const*) /tmp/tmpuqn3v2gn/student/unit_tests/lib/googletest/src/gtest.cc:2689
    #10 0x55680bb82d49 in testing::UnitTest::Run() /tmp/tmpuqn3v2gn/student/unit_tests/lib/googletest/src/gtest.cc:5583
    #11 0x55680bc8ff8e in RUN_ALL_TESTS() /tmp/tmpuqn3v2gn/student/unit_tests/lib/googletest/include/gtest/gtest.h:2334
    #12 0x55680bc8fddb in main /tmp/tmpuqn3v2gn/student/unit_tests/lib/googletest/src/gtest_main.cc:64
    #13 0x7f206efb1d8f in __libc_start_call_main ../sysdeps/nptl/libc_start_call_main.h:58

Indirect leak of 400 byte(s) in 10 object(s) allocated from:
    #0 0x7f206fc18ba8 in operator new(unsigned long) ../../../../src/libsanitizer/asan/asan_new_delete.cpp:95
    #1 0x55680ba9fbc6 in ObjectListTester_pushFrontOfElements_expectedSizeIncreases_Test::TestBody() /tmp/tmpuqn3v2gn/student/unit_tests/objectUniqueListTest.cpp:46
    #2 0x55680bc28469 in void testing::internal::HandleSehExceptionsInMethodIfSupported<testing::Test, void>(testing::Test*, void (testing::Test::*)(), char const*) /tmp/tmpuqn3v2gn/student/unit_tests/lib/googletest/src/gtest.cc:2653
    #3 0x55680bbfb38b in void testing::internal::HandleExceptionsInMethodIfSupported<testing::Test, void>(testing::Test*, void (testing::Test::*)(), char const*) /tmp/tmpuqn3v2gn/student/unit_tests/lib/googletest/src/gtest.cc:2689
    #4 0x55680bb3c74f in testing::Test::Run() /tmp/tmpuqn3v2gn/student/unit_tests/lib/googletest/src/gtest.cc:2728
    #5 0x55680bb4051c in testing::TestInfo::Run() /tmp/tmpuqn3v2gn/student/unit_tests/lib/googletest/src/gtest.cc:2874
    #6 0x55680bb44dc7 in testing::TestSuite::Run() /tmp/tmpuqn3v2gn/student/unit_tests/lib/googletest/src/gtest.cc:3052
    #7 0x55680bb908db in testing::internal::UnitTestImpl::RunAllTests() /tmp/tmpuqn3v2gn/student/unit_tests/lib/googletest/src/gtest.cc:6004
    #8 0x55680bc2f35d in bool testing::internal::HandleSehExceptionsInMethodIfSupported<testing::internal::UnitTestImpl, bool>(testing::internal::UnitTestImpl*, bool (testing::internal::UnitTestImpl::*)(), char const*) /tmp/tmpuqn3v2gn/student/unit_tests/lib/googletest/src/gtest.cc:2653
    #9 0x55680bc0187a in bool testing::internal::HandleExceptionsInMethodIfSupported<testing::internal::UnitTestImpl, bool>(testing::internal::UnitTestImpl*, bool (testing::internal::UnitTestImpl::*)(), char const*) /tmp/tmpuqn3v2gn/student/unit_tests/lib/googletest/src/gtest.cc:2689
    #10 0x55680bb82d49 in testing::UnitTest::Run() /tmp/tmpuqn3v2gn/student/unit_tests/lib/googletest/src/gtest.cc:5583
    #11 0x55680bc8ff8e in RUN_ALL_TESTS() /tmp/tmpuqn3v2gn/student/unit_tests/lib/googletest/include/gtest/gtest.h:2334
    #12 0x55680bc8fddb in main /tmp/tmpuqn3v2gn/student/unit_tests/lib/googletest/src/gtest_main.cc:64
    #13 0x7f206efb1d8f in __libc_start_call_main ../sysdeps/nptl/libc_start_call_main.h:58

Indirect leak of 400 byte(s) in 10 object(s) allocated from:
    #0 0x7f206fc18ba8 in operator new(unsigned long) ../../../../src/libsanitizer/asan/asan_new_delete.cpp:95
    #1 0x55680baae762 in ObjectListTester_moveConstructorImplemented_expectedAllElementsMovedToOrderContainer_Test::TestBody() /tmp/tmpuqn3v2gn/student/unit_tests/objectUniqueListTest.cpp:370
    #2 0x55680bc28469 in void testing::internal::HandleSehExceptionsInMethodIfSupported<testing::Test, void>(testing::Test*, void (testing::Test::*)(), char const*) /tmp/tmpuqn3v2gn/student/unit_tests/lib/googletest/src/gtest.cc:2653
    #3 0x55680bbfb38b in void testing::internal::HandleExceptionsInMethodIfSupported<testing::Test, void>(testing::Test*, void (testing::Test::*)(), char const*) /tmp/tmpuqn3v2gn/student/unit_tests/lib/googletest/src/gtest.cc:2689
    #4 0x55680bb3c74f in testing::Test::Run() /tmp/tmpuqn3v2gn/student/unit_tests/lib/googletest/src/gtest.cc:2728
    #5 0x55680bb4051c in testing::TestInfo::Run() /tmp/tmpuqn3v2gn/student/unit_tests/lib/googletest/src/gtest.cc:2874
    #6 0x55680bb44dc7 in testing::TestSuite::Run() /tmp/tmpuqn3v2gn/student/unit_tests/lib/googletest/src/gtest.cc:3052
    #7 0x55680bb908db in testing::internal::UnitTestImpl::RunAllTests() /tmp/tmpuqn3v2gn/student/unit_tests/lib/googletest/src/gtest.cc:6004
    #8 0x55680bc2f35d in bool testing::internal::HandleSehExceptionsInMethodIfSupported<testing::internal::UnitTestImpl, bool>(testing::internal::UnitTestImpl*, bool (testing::internal::UnitTestImpl::*)(), char const*) /tmp/tmpuqn3v2gn/student/unit_tests/lib/googletest/src/gtest.cc:2653
    #9 0x55680bc0187a in bool testing::internal::HandleExceptionsInMethodIfSupported<testing::internal::UnitTestImpl, bool>(testing::internal::UnitTestImpl*, bool (testing::internal::UnitTestImpl::*)(), char const*) /tmp/tmpuqn3v2gn/student/unit_tests/lib/googletest/src/gtest.cc:2689
    #10 0x55680bb82d49 in testing::UnitTest::Run() /tmp/tmpuqn3v2gn/student/unit_tests/lib/googletest/src/gtest.cc:5583
    #11 0x55680bc8ff8e in RUN_ALL_TESTS() /tmp/tmpuqn3v2gn/student/unit_tests/lib/googletest/include/gtest/gtest.h:2334
    #12 0x55680bc8fddb in main /tmp/tmpuqn3v2gn/student/unit_tests/lib/googletest/src/gtest_main.cc:64
    #13 0x7f206efb1d8f in __libc_start_call_main ../sysdeps/nptl/libc_start_call_main.h:58

Indirect leak of 400 byte(s) in 10 object(s) allocated from:
    #0 0x7f206fc18ba8 in operator new(unsigned long) ../../../../src/libsanitizer/asan/asan_new_delete.cpp:95
    #1 0x55680baa0b15 in ObjectListTester_pushFrontOfDuplicatedElements_expectedSizeIncreasesOnlyWhenUniqueElementAdded_Test::TestBody() /tmp/tmpuqn3v2gn/student/unit_tests/objectUniqueListTest.cpp:63
    #2 0x55680bc28469 in void testing::internal::HandleSehExceptionsInMethodIfSupported<testing::Test, void>(testing::Test*, void (testing::Test::*)(), char const*) /tmp/tmpuqn3v2gn/student/unit_tests/lib/googletest/src/gtest.cc:2653
    #3 0x55680bbfb38b in void testing::internal::HandleExceptionsInMethodIfSupported<testing::Test, void>(testing::Test*, void (testing::Test::*)(), char const*) /tmp/tmpuqn3v2gn/student/unit_tests/lib/googletest/src/gtest.cc:2689
    #4 0x55680bb3c74f in testing::Test::Run() /tmp/tmpuqn3v2gn/student/unit_tests/lib/googletest/src/gtest.cc:2728
    #5 0x55680bb4051c in testing::TestInfo::Run() /tmp/tmpuqn3v2gn/student/unit_tests/lib/googletest/src/gtest.cc:2874
    #6 0x55680bb44dc7 in testing::TestSuite::Run() /tmp/tmpuqn3v2gn/student/unit_tests/lib/googletest/src/gtest.cc:3052
    #7 0x55680bb908db in testing::internal::UnitTestImpl::RunAllTests() /tmp/tmpuqn3v2gn/student/unit_tests/lib/googletest/src/gtest.cc:6004
    #8 0x55680bc2f35d in bool testing::internal::HandleSehExceptionsInMethodIfSupported<testing::internal::UnitTestImpl, bool>(testing::internal::UnitTestImpl*, bool (testing::internal::UnitTestImpl::*)(), char const*) /tmp/tmpuqn3v2gn/student/unit_tests/lib/googletest/src/gtest.cc:2653
    #9 0x55680bc0187a in bool testing::internal::HandleExceptionsInMethodIfSupported<testing::internal::UnitTestImpl, bool>(testing::internal::UnitTestImpl*, bool (testing::internal::UnitTestImpl::*)(), char const*) /tmp/tmpuqn3v2gn/student/unit_tests/lib/googletest/src/gtest.cc:2689
    #10 0x55680bb82d49 in testing::UnitTest::Run() /tmp/tmpuqn3v2gn/student/unit_tests/lib/googletest/src/gtest.cc:5583
    #11 0x55680bc8ff8e in RUN_ALL_TESTS() /tmp/tmpuqn3v2gn/student/unit_tests/lib/googletest/include/gtest/gtest.h:2334
    #12 0x55680bc8fddb in main /tmp/tmpuqn3v2gn/student/unit_tests/lib/googletest/src/gtest_main.cc:64
    #13 0x7f206efb1d8f in __libc_start_call_main ../sysdeps/nptl/libc_start_call_main.h:58

Indirect leak of 400 byte(s) in 10 object(s) allocated from:
    #0 0x7f206fc18ba8 in operator new(unsigned long) ../../../../src/libsanitizer/asan/asan_new_delete.cpp:95
    #1 0x55680baead9c in StringObject::clone() const /tmp/tmpuqn3v2gn/student/stringObject.h:17
    #2 0x55680bae91fc in ObjectList::operator=(ObjectList const&) /tmp/tmpuqn3v2gn/student/objectlist.cpp:164
    #3 0x55680bab0cc8 in ObjectListTester_assignmentOperatorCopying_expectedNewValues_Test::TestBody() /tmp/tmpuqn3v2gn/student/unit_tests/objectUniqueListTest.cpp:416
    #4 0x55680bc28469 in void testing::internal::HandleSehExceptionsInMethodIfSupported<testing::Test, void>(testing::Test*, void (testing::Test::*)(), char const*) /tmp/tmpuqn3v2gn/student/unit_tests/lib/googletest/src/gtest.cc:2653
    #5 0x55680bbfb38b in void testing::internal::HandleExceptionsInMethodIfSupported<testing::Test, void>(testing::Test*, void (testing::Test::*)(), char const*) /tmp/tmpuqn3v2gn/student/unit_tests/lib/googletest/src/gtest.cc:2689
    #6 0x55680bb3c74f in testing::Test::Run() /tmp/tmpuqn3v2gn/student/unit_tests/lib/googletest/src/gtest.cc:2728
    #7 0x55680bb4051c in testing::TestInfo::Run() /tmp/tmpuqn3v2gn/student/unit_tests/lib/googletest/src/gtest.cc:2874
    #8 0x55680bb44dc7 in testing::TestSuite::Run() /tmp/tmpuqn3v2gn/student/unit_tests/lib/googletest/src/gtest.cc:3052
    #9 0x55680bb908db in testing::internal::UnitTestImpl::RunAllTests() /tmp/tmpuqn3v2gn/student/unit_tests/lib/googletest/src/gtest.cc:6004
    #10 0x55680bc2f35d in bool testing::internal::HandleSehExceptionsInMethodIfSupported<testing::internal::UnitTestImpl, bool>(testing::internal::UnitTestImpl*, bool (testing::internal::UnitTestImpl::*)(), char const*) /tmp/tmpuqn3v2gn/student/unit_tests/lib/googletest/src/gtest.cc:2653
    #11 0x55680bc0187a in bool testing::internal::HandleExceptionsInMethodIfSupported<testing::internal::UnitTestImpl, bool>(testing::internal::UnitTestImpl*, bool (testing::internal::UnitTestImpl::*)(), char const*) /tmp/tmpuqn3v2gn/student/unit_tests/lib/googletest/src/gtest.cc:2689
    #12 0x55680bb82d49 in testing::UnitTest::Run() /tmp/tmpuqn3v2gn/student/unit_tests/lib/googletest/src/gtest.cc:5583
    #13 0x55680bc8ff8e in RUN_ALL_TESTS() /tmp/tmpuqn3v2gn/student/unit_tests/lib/googletest/include/gtest/gtest.h:2334
    #14 0x55680bc8fddb in main /tmp/tmpuqn3v2gn/student/unit_tests/lib/googletest/src/gtest_main.cc:64
    #15 0x7f206efb1d8f in __libc_start_call_main ../sysdeps/nptl/libc_start_call_main.h:58

Indirect leak of 400 byte(s) in 10 object(s) allocated from:
    #0 0x7f206fc18ba8 in operator new(unsigned long) ../../../../src/libsanitizer/asan/asan_new_delete.cpp:95
    #1 0x55680baead9c in StringObject::clone() const /tmp/tmpuqn3v2gn/student/stringObject.h:17
    #2 0x55680bae62b0 in ObjectList::ObjectList(ObjectList const&) /tmp/tmpuqn3v2gn/student/objectlist.cpp:12
    #3 0x55680baad133 in ObjectListTester_copyConstructorImplemented_expected2ListsWithTheSameElementsInTheSameOrder_Test::TestBody() /tmp/tmpuqn3v2gn/student/unit_tests/objectUniqueListTest.cpp:342
    #4 0x55680bc28469 in void testing::internal::HandleSehExceptionsInMethodIfSupported<testing::Test, void>(testing::Test*, void (testing::Test::*)(), char const*) /tmp/tmpuqn3v2gn/student/unit_tests/lib/googletest/src/gtest.cc:2653
    #5 0x55680bbfb38b in void testing::internal::HandleExceptionsInMethodIfSupported<testing::Test, void>(testing::Test*, void (testing::Test::*)(), char const*) /tmp/tmpuqn3v2gn/student/unit_tests/lib/googletest/src/gtest.cc:2689
    #6 0x55680bb3c74f in testing::Test::Run() /tmp/tmpuqn3v2gn/student/unit_tests/lib/googletest/src/gtest.cc:2728
    #7 0x55680bb4051c in testing::TestInfo::Run() /tmp/tmpuqn3v2gn/student/unit_tests/lib/googletest/src/gtest.cc:2874
    #8 0x55680bb44dc7 in testing::TestSuite::Run() /tmp/tmpuqn3v2gn/student/unit_tests/lib/googletest/src/gtest.cc:3052
    #9 0x55680bb908db in testing::internal::UnitTestImpl::RunAllTests() /tmp/tmpuqn3v2gn/student/unit_tests/lib/googletest/src/gtest.cc:6004
    #10 0x55680bc2f35d in bool testing::internal::HandleSehExceptionsInMethodIfSupported<testing::internal::UnitTestImpl, bool>(testing::internal::UnitTestImpl*, bool (testing::internal::UnitTestImpl::*)(), char const*) /tmp/tmpuqn3v2gn/student/unit_tests/lib/googletest/src/gtest.cc:2653
    #11 0x55680bc0187a in bool testing::internal::HandleExceptionsInMethodIfSupported<testing::internal::UnitTestImpl, bool>(testing::internal::UnitTestImpl*, bool (testing::internal::UnitTestImpl::*)(), char const*) /tmp/tmpuqn3v2gn/student/unit_tests/lib/googletest/src/gtest.cc:2689
    #12 0x55680bb82d49 in testing::UnitTest::Run() /tmp/tmpuqn3v2gn/student/unit_tests/lib/googletest/src/gtest.cc:5583
    #13 0x55680bc8ff8e in RUN_ALL_TESTS() /tmp/tmpuqn3v2gn/student/unit_tests/lib/googletest/include/gtest/gtest.h:2334
    #14 0x55680bc8fddb in main /tmp/tmpuqn3v2gn/student/unit_tests/lib/googletest/src/gtest_main.cc:64
    #15 0x7f206efb1d8f in __libc_start_call_main ../sysdeps/nptl/libc_start_call_main.h:58

Indirect leak of 400 byte(s) in 10 object(s) allocated from:
    #0 0x7f206fc18ba8 in operator new(unsigned long) ../../../../src/libsanitizer/asan/asan_new_delete.cpp:95
    #1 0x55680baead9c in StringObject::clone() const /tmp/tmpuqn3v2gn/student/stringObject.h:17
    #2 0x55680bae91fc in ObjectList::operator=(ObjectList const&) /tmp/tmpuqn3v2gn/student/objectlist.cpp:164
    #3 0x55680bab28de in ObjectListTester_assignmentOperatorCopying_expectedNewValues_Test::TestBody() /tmp/tmpuqn3v2gn/student/unit_tests/objectUniqueListTest.cpp:443
    #4 0x55680bc28469 in void testing::internal::HandleSehExceptionsInMethodIfSupported<testing::Test, void>(testing::Test*, void (testing::Test::*)(), char const*) /tmp/tmpuqn3v2gn/student/unit_tests/lib/googletest/src/gtest.cc:2653
    #5 0x55680bbfb38b in void testing::internal::HandleExceptionsInMethodIfSupported<testing::Test, void>(testing::Test*, void (testing::Test::*)(), char const*) /tmp/tmpuqn3v2gn/student/unit_tests/lib/googletest/src/gtest.cc:2689
    #6 0x55680bb3c74f in testing::Test::Run() /tmp/tmpuqn3v2gn/student/unit_tests/lib/googletest/src/gtest.cc:2728
    #7 0x55680bb4051c in testing::TestInfo::Run() /tmp/tmpuqn3v2gn/student/unit_tests/lib/googletest/src/gtest.cc:2874
    #8 0x55680bb44dc7 in testing::TestSuite::Run() /tmp/tmpuqn3v2gn/student/unit_tests/lib/googletest/src/gtest.cc:3052
    #9 0x55680bb908db in testing::internal::UnitTestImpl::RunAllTests() /tmp/tmpuqn3v2gn/student/unit_tests/lib/googletest/src/gtest.cc:6004
    #10 0x55680bc2f35d in bool testing::internal::HandleSehExceptionsInMethodIfSupported<testing::internal::UnitTestImpl, bool>(testing::internal::UnitTestImpl*, bool (testing::internal::UnitTestImpl::*)(), char const*) /tmp/tmpuqn3v2gn/student/unit_tests/lib/googletest/src/gtest.cc:2653
    #11 0x55680bc0187a in bool testing::internal::HandleExceptionsInMethodIfSupported<testing::internal::UnitTestImpl, bool>(testing::internal::UnitTestImpl*, bool (testing::internal::UnitTestImpl::*)(), char const*) /tmp/tmpuqn3v2gn/student/unit_tests/lib/googletest/src/gtest.cc:2689
    #12 0x55680bb82d49 in testing::UnitTest::Run() /tmp/tmpuqn3v2gn/student/unit_tests/lib/googletest/src/gtest.cc:5583
    #13 0x55680bc8ff8e in RUN_ALL_TESTS() /tmp/tmpuqn3v2gn/student/unit_tests/lib/googletest/include/gtest/gtest.h:2334
    #14 0x55680bc8fddb in main /tmp/tmpuqn3v2gn/student/unit_tests/lib/googletest/src/gtest_main.cc:64
    #15 0x7f206efb1d8f in __libc_start_call_main ../sysdeps/nptl/libc_start_call_main.h:58

Indirect leak of 400 byte(s) in 10 object(s) allocated from:
    #0 0x7f206fc18ba8 in operator new(unsigned long) ../../../../src/libsanitizer/asan/asan_new_delete.cpp:95
    #1 0x55680baa99a2 in ObjectListTester_loopingWithIterators_expectedSuccess_Test::TestBody() /tmp/tmpuqn3v2gn/student/unit_tests/objectUniqueListTest.cpp:231
    #2 0x55680bc28469 in void testing::internal::HandleSehExceptionsInMethodIfSupported<testing::Test, void>(testing::Test*, void (testing::Test::*)(), char const*) /tmp/tmpuqn3v2gn/student/unit_tests/lib/googletest/src/gtest.cc:2653
    #3 0x55680bbfb38b in void testing::internal::HandleExceptionsInMethodIfSupported<testing::Test, void>(testing::Test*, void (testing::Test::*)(), char const*) /tmp/tmpuqn3v2gn/student/unit_tests/lib/googletest/src/gtest.cc:2689
    #4 0x55680bb3c74f in testing::Test::Run() /tmp/tmpuqn3v2gn/student/unit_tests/lib/googletest/src/gtest.cc:2728
    #5 0x55680bb4051c in testing::TestInfo::Run() /tmp/tmpuqn3v2gn/student/unit_tests/lib/googletest/src/gtest.cc:2874
    #6 0x55680bb44dc7 in testing::TestSuite::Run() /tmp/tmpuqn3v2gn/student/unit_tests/lib/googletest/src/gtest.cc:3052
    #7 0x55680bb908db in testing::internal::UnitTestImpl::RunAllTests() /tmp/tmpuqn3v2gn/student/unit_tests/lib/googletest/src/gtest.cc:6004
    #8 0x55680bc2f35d in bool testing::internal::HandleSehExceptionsInMethodIfSupported<testing::internal::UnitTestImpl, bool>(testing::internal::UnitTestImpl*, bool (testing::internal::UnitTestImpl::*)(), char const*) /tmp/tmpuqn3v2gn/student/unit_tests/lib/googletest/src/gtest.cc:2653
    #9 0x55680bc0187a in bool testing::internal::HandleExceptionsInMethodIfSupported<testing::internal::UnitTestImpl, bool>(testing::internal::UnitTestImpl*, bool (testing::internal::UnitTestImpl::*)(), char const*) /tmp/tmpuqn3v2gn/student/unit_tests/lib/googletest/src/gtest.cc:2689
    #10 0x55680bb82d49 in testing::UnitTest::Run() /tmp/tmpuqn3v2gn/student/unit_tests/lib/googletest/src/gtest.cc:5583
    #11 0x55680bc8ff8e in RUN_ALL_TESTS() /tmp/tmpuqn3v2gn/student/unit_tests/lib/googletest/include/gtest/gtest.h:2334
    #12 0x55680bc8fddb in main /tmp/tmpuqn3v2gn/student/unit_tests/lib/googletest/src/gtest_main.cc:64
    #13 0x7f206efb1d8f in __libc_start_call_main ../sysdeps/nptl/libc_start_call_main.h:58

Indirect leak of 400 byte(s) in 10 object(s) allocated from:
    #0 0x7f206fc18ba8 in operator new(unsigned long) ../../../../src/libsanitizer/asan/asan_new_delete.cpp:95
    #1 0x55680bab4d78 in ObjectListTester_assignmentOperatorMoving_expectedAllElementsMoved_Test::TestBody() /tmp/tmpuqn3v2gn/student/unit_tests/objectUniqueListTest.cpp:478
    #2 0x55680bc28469 in void testing::internal::HandleSehExceptionsInMethodIfSupported<testing::Test, void>(testing::Test*, void (testing::Test::*)(), char const*) /tmp/tmpuqn3v2gn/student/unit_tests/lib/googletest/src/gtest.cc:2653
    #3 0x55680bbfb38b in void testing::internal::HandleExceptionsInMethodIfSupported<testing::Test, void>(testing::Test*, void (testing::Test::*)(), char const*) /tmp/tmpuqn3v2gn/student/unit_tests/lib/googletest/src/gtest.cc:2689
    #4 0x55680bb3c74f in testing::Test::Run() /tmp/tmpuqn3v2gn/student/unit_tests/lib/googletest/src/gtest.cc:2728
    #5 0x55680bb4051c in testing::TestInfo::Run() /tmp/tmpuqn3v2gn/student/unit_tests/lib/googletest/src/gtest.cc:2874
    #6 0x55680bb44dc7 in testing::TestSuite::Run() /tmp/tmpuqn3v2gn/student/unit_tests/lib/googletest/src/gtest.cc:3052
    #7 0x55680bb908db in testing::internal::UnitTestImpl::RunAllTests() /tmp/tmpuqn3v2gn/student/unit_tests/lib/googletest/src/gtest.cc:6004
    #8 0x55680bc2f35d in bool testing::internal::HandleSehExceptionsInMethodIfSupported<testing::internal::UnitTestImpl, bool>(testing::internal::UnitTestImpl*, bool (testing::internal::UnitTestImpl::*)(), char const*) /tmp/tmpuqn3v2gn/student/unit_tests/lib/googletest/src/gtest.cc:2653
    #9 0x55680bc0187a in bool testing::internal::HandleExceptionsInMethodIfSupported<testing::internal::UnitTestImpl, bool>(testing::internal::UnitTestImpl*, bool (testing::internal::UnitTestImpl::*)(), char const*) /tmp/tmpuqn3v2gn/student/unit_tests/lib/googletest/src/gtest.cc:2689
    #10 0x55680bb82d49 in testing::UnitTest::Run() /tmp/tmpuqn3v2gn/student/unit_tests/lib/googletest/src/gtest.cc:5583
    #11 0x55680bc8ff8e in RUN_ALL_TESTS() /tmp/tmpuqn3v2gn/student/unit_tests/lib/googletest/include/gtest/gtest.h:2334
    #12 0x55680bc8fddb in main /tmp/tmpuqn3v2gn/student/unit_tests/lib/googletest/src/gtest_main.cc:64
    #13 0x7f206efb1d8f in __libc_start_call_main ../sysdeps/nptl/libc_start_call_main.h:58

Indirect leak of 400 byte(s) in 10 object(s) allocated from:
    #0 0x7f206fc18ba8 in operator new(unsigned long) ../../../../src/libsanitizer/asan/asan_new_delete.cpp:95
    #1 0x55680baaff85 in ObjectListTester_assignmentOperatorCopying_expectedNewValues_Test::TestBody() /tmp/tmpuqn3v2gn/student/unit_tests/objectUniqueListTest.cpp:401
    #2 0x55680bc28469 in void testing::internal::HandleSehExceptionsInMethodIfSupported<testing::Test, void>(testing::Test*, void (testing::Test::*)(), char const*) /tmp/tmpuqn3v2gn/student/unit_tests/lib/googletest/src/gtest.cc:2653
    #3 0x55680bbfb38b in void testing::internal::HandleExceptionsInMethodIfSupported<testing::Test, void>(testing::Test*, void (testing::Test::*)(), char const*) /tmp/tmpuqn3v2gn/student/unit_tests/lib/googletest/src/gtest.cc:2689
    #4 0x55680bb3c74f in testing::Test::Run() /tmp/tmpuqn3v2gn/student/unit_tests/lib/googletest/src/gtest.cc:2728
    #5 0x55680bb4051c in testing::TestInfo::Run() /tmp/tmpuqn3v2gn/student/unit_tests/lib/googletest/src/gtest.cc:2874
    #6 0x55680bb44dc7 in testing::TestSuite::Run() /tmp/tmpuqn3v2gn/student/unit_tests/lib/googletest/src/gtest.cc:3052
    #7 0x55680bb908db in testing::internal::UnitTestImpl::RunAllTests() /tmp/tmpuqn3v2gn/student/unit_tests/lib/googletest/src/gtest.cc:6004
    #8 0x55680bc2f35d in bool testing::internal::HandleSehExceptionsInMethodIfSupported<testing::internal::UnitTestImpl, bool>(testing::internal::UnitTestImpl*, bool (testing::internal::UnitTestImpl::*)(), char const*) /tmp/tmpuqn3v2gn/student/unit_tests/lib/googletest/src/gtest.cc:2653
    #9 0x55680bc0187a in bool testing::internal::HandleExceptionsInMethodIfSupported<testing::internal::UnitTestImpl, bool>(testing::internal::UnitTestImpl*, bool (testing::internal::UnitTestImpl::*)(), char const*) /tmp/tmpuqn3v2gn/student/unit_tests/lib/googletest/src/gtest.cc:2689
    #10 0x55680bb82d49 in testing::UnitTest::Run() /tmp/tmpuqn3v2gn/student/unit_tests/lib/googletest/src/gtest.cc:5583
    #11 0x55680bc8ff8e in RUN_ALL_TESTS() /tmp/tmpuqn3v2gn/student/unit_tests/lib/googletest/include/gtest/gtest.h:2334
    #12 0x55680bc8fddb in main /tmp/tmpuqn3v2gn/student/unit_tests/lib/googletest/src/gtest_main.cc:64
    #13 0x7f206efb1d8f in __libc_start_call_main ../sysdeps/nptl/libc_start_call_main.h:58

Indirect leak of 360 byte(s) in 9 object(s) allocated from:
    #0 0x7f206fc18ba8 in operator new(unsigned long) ../../../../src/libsanitizer/asan/asan_new_delete.cpp:95
    #1 0x55680baaba7b in ObjectListTester_eraseMiddleElement_expectedMiddleElementErased_Test::TestBody() /tmp/tmpuqn3v2gn/student/unit_tests/objectUniqueListTest.cpp:298
    #2 0x55680bc28469 in void testing::internal::HandleSehExceptionsInMethodIfSupported<testing::Test, void>(testing::Test*, void (testing::Test::*)(), char const*) /tmp/tmpuqn3v2gn/student/unit_tests/lib/googletest/src/gtest.cc:2653
    #3 0x55680bbfb38b in void testing::internal::HandleExceptionsInMethodIfSupported<testing::Test, void>(testing::Test*, void (testing::Test::*)(), char const*) /tmp/tmpuqn3v2gn/student/unit_tests/lib/googletest/src/gtest.cc:2689
    #4 0x55680bb3c74f in testing::Test::Run() /tmp/tmpuqn3v2gn/student/unit_tests/lib/googletest/src/gtest.cc:2728
    #5 0x55680bb4051c in testing::TestInfo::Run() /tmp/tmpuqn3v2gn/student/unit_tests/lib/googletest/src/gtest.cc:2874
    #6 0x55680bb44dc7 in testing::TestSuite::Run() /tmp/tmpuqn3v2gn/student/unit_tests/lib/googletest/src/gtest.cc:3052
    #7 0x55680bb908db in testing::internal::UnitTestImpl::RunAllTests() /tmp/tmpuqn3v2gn/student/unit_tests/lib/googletest/src/gtest.cc:6004
    #8 0x55680bc2f35d in bool testing::internal::HandleSehExceptionsInMethodIfSupported<testing::internal::UnitTestImpl, bool>(testing::internal::UnitTestImpl*, bool (testing::internal::UnitTestImpl::*)(), char const*) /tmp/tmpuqn3v2gn/student/unit_tests/lib/googletest/src/gtest.cc:2653
    #9 0x55680bc0187a in bool testing::internal::HandleExceptionsInMethodIfSupported<testing::internal::UnitTestImpl, bool>(testing::internal::UnitTestImpl*, bool (testing::internal::UnitTestImpl::*)(), char const*) /tmp/tmpuqn3v2gn/student/unit_tests/lib/googletest/src/gtest.cc:2689
    #10 0x55680bb82d49 in testing::UnitTest::Run() /tmp/tmpuqn3v2gn/student/unit_tests/lib/googletest/src/gtest.cc:5583
    #11 0x55680bc8ff8e in RUN_ALL_TESTS() /tmp/tmpuqn3v2gn/student/unit_tests/lib/googletest/include/gtest/gtest.h:2334
    #12 0x55680bc8fddb in main /tmp/tmpuqn3v2gn/student/unit_tests/lib/googletest/src/gtest_main.cc:64
    #13 0x7f206efb1d8f in __libc_start_call_main ../sysdeps/nptl/libc_start_call_main.h:58

Indirect leak of 360 byte(s) in 9 object(s) allocated from:
    #0 0x7f206fc18ba8 in operator new(unsigned long) ../../../../src/libsanitizer/asan/asan_new_delete.cpp:95
    #1 0x55680baaa6c8 in ObjectListTester_eraseAfterMiddleElement_expectedMiddleElementErased_Test::TestBody() /tmp/tmpuqn3v2gn/student/unit_tests/objectUniqueListTest.cpp:258
    #2 0x55680bc28469 in void testing::internal::HandleSehExceptionsInMethodIfSupported<testing::Test, void>(testing::Test*, void (testing::Test::*)(), char const*) /tmp/tmpuqn3v2gn/student/unit_tests/lib/googletest/src/gtest.cc:2653
    #3 0x55680bbfb38b in void testing::internal::HandleExceptionsInMethodIfSupported<testing::Test, void>(testing::Test*, void (testing::Test::*)(), char const*) /tmp/tmpuqn3v2gn/student/unit_tests/lib/googletest/src/gtest.cc:2689
    #4 0x55680bb3c74f in testing::Test::Run() /tmp/tmpuqn3v2gn/student/unit_tests/lib/googletest/src/gtest.cc:2728
    #5 0x55680bb4051c in testing::TestInfo::Run() /tmp/tmpuqn3v2gn/student/unit_tests/lib/googletest/src/gtest.cc:2874
    #6 0x55680bb44dc7 in testing::TestSuite::Run() /tmp/tmpuqn3v2gn/student/unit_tests/lib/googletest/src/gtest.cc:3052
    #7 0x55680bb908db in testing::internal::UnitTestImpl::RunAllTests() /tmp/tmpuqn3v2gn/student/unit_tests/lib/googletest/src/gtest.cc:6004
    #8 0x55680bc2f35d in bool testing::internal::HandleSehExceptionsInMethodIfSupported<testing::internal::UnitTestImpl, bool>(testing::internal::UnitTestImpl*, bool (testing::internal::UnitTestImpl::*)(), char const*) /tmp/tmpuqn3v2gn/student/unit_tests/lib/googletest/src/gtest.cc:2653
    #9 0x55680bc0187a in bool testing::internal::HandleExceptionsInMethodIfSupported<testing::internal::UnitTestImpl, bool>(testing::internal::UnitTestImpl*, bool (testing::internal::UnitTestImpl::*)(), char const*) /tmp/tmpuqn3v2gn/student/unit_tests/lib/googletest/src/gtest.cc:2689
    #10 0x55680bb82d49 in testing::UnitTest::Run() /tmp/tmpuqn3v2gn/student/unit_tests/lib/googletest/src/gtest.cc:5583
    #11 0x55680bc8ff8e in RUN_ALL_TESTS() /tmp/tmpuqn3v2gn/student/unit_tests/lib/googletest/include/gtest/gtest.h:2334
    #12 0x55680bc8fddb in main /tmp/tmpuqn3v2gn/student/unit_tests/lib/googletest/src/gtest_main.cc:64
    #13 0x7f206efb1d8f in __libc_start_call_main ../sysdeps/nptl/libc_start_call_main.h:58

Indirect leak of 287 byte(s) in 7 object(s) allocated from:
    #0 0x7f206fc18ba8 in operator new(unsigned long) ../../../../src/libsanitizer/asan/asan_new_delete.cpp:95
    #1 0x55680bad9e8c in std::__new_allocator<char>::allocate(unsigned long, void const*) /usr/include/c++/13/bits/new_allocator.h:147
    #2 0x55680bad049a in std::allocator<char>::allocate(unsigned long) /usr/include/c++/13/bits/allocator.h:198
    #3 0x55680bad049a in std::allocator_traits<std::allocator<char> >::allocate(std::allocator<char>&, unsigned long) /usr/include/c++/13/bits/alloc_traits.h:482
    #4 0x55680bad049a in std::__cxx11::basic_string<char, std::char_traits<char>, std::allocator<char> >::_S_allocate(std::allocator<char>&, unsigned long) /usr/include/c++/13/bits/basic_string.h:126
    #5 0x55680bacf4c1 in std::__cxx11::basic_string<char, std::char_traits<char>, std::allocator<char> >::_M_create(unsigned long&, unsigned long) /usr/include/c++/13/bits/basic_string.tcc:155
    #6 0x55680bacff12 in std::__cxx11::basic_string<char, std::char_traits<char>, std::allocator<char> >::_M_mutate(unsigned long, unsigned long, char const*, unsigned long) /usr/include/c++/13/bits/basic_string.tcc:328
    #7 0x55680bad5625 in std::__cxx11::basic_string<char, std::char_traits<char>, std::allocator<char> >::_M_replace(unsigned long, unsigned long, char const*, unsigned long) /usr/include/c++/13/bits/basic_string.tcc:543
    #8 0x55680bacf832 in std::__cxx11::basic_string<char, std::char_traits<char>, std::allocator<char> >::replace(unsigned long, unsigned long, char const*, unsigned long) /usr/include/c++/13/bits/basic_string.h:2196
    #9 0x55680bac8a95 in std::__cxx11::basic_string<char, std::char_traits<char>, std::allocator<char> >::insert(unsigned long, char const*) /usr/include/c++/13/bits/basic_string.h:1953
    #10 0x55680bac1e0e in std::__cxx11::basic_string<char, std::char_traits<char>, std::allocator<char> > std::operator+<char, std::char_traits<char>, std::allocator<char> >(char const*, std::__cxx11::basic_string<char, std::char_traits<char>, std::allocator<char> >&&) /usr/include/c++/13/bits/basic_string.h:3664
    #11 0x55680bab4f25 in ObjectListTester_assignmentOperatorMoving_expectedAllElementsMoved_Test::TestBody() /tmp/tmpuqn3v2gn/student/unit_tests/objectUniqueListTest.cpp:478
    #12 0x55680bc28469 in void testing::internal::HandleSehExceptionsInMethodIfSupported<testing::Test, void>(testing::Test*, void (testing::Test::*)(), char const*) /tmp/tmpuqn3v2gn/student/unit_tests/lib/googletest/src/gtest.cc:2653
    #13 0x55680bbfb38b in void testing::internal::HandleExceptionsInMethodIfSupported<testing::Test, void>(testing::Test*, void (testing::Test::*)(), char const*) /tmp/tmpuqn3v2gn/student/unit_tests/lib/googletest/src/gtest.cc:2689
    #14 0x55680bb3c74f in testing::Test::Run() /tmp/tmpuqn3v2gn/student/unit_tests/lib/googletest/src/gtest.cc:2728
    #15 0x55680bb4051c in testing::TestInfo::Run() /tmp/tmpuqn3v2gn/student/unit_tests/lib/googletest/src/gtest.cc:2874
    #16 0x55680bb44dc7 in testing::TestSuite::Run() /tmp/tmpuqn3v2gn/student/unit_tests/lib/googletest/src/gtest.cc:3052
    #17 0x55680bb908db in testing::internal::UnitTestImpl::RunAllTests() /tmp/tmpuqn3v2gn/student/unit_tests/lib/googletest/src/gtest.cc:6004
    #18 0x55680bc2f35d in bool testing::internal::HandleSehExceptionsInMethodIfSupported<testing::internal::UnitTestImpl, bool>(testing::internal::UnitTestImpl*, bool (testing::internal::UnitTestImpl::*)(), char const*) /tmp/tmpuqn3v2gn/student/unit_tests/lib/googletest/src/gtest.cc:2653
    #19 0x55680bc0187a in bool testing::internal::HandleExceptionsInMethodIfSupported<testing::internal::UnitTestImpl, bool>(testing::internal::UnitTestImpl*, bool (testing::internal::UnitTestImpl::*)(), char const*) /tmp/tmpuqn3v2gn/student/unit_tests/lib/googletest/src/gtest.cc:2689
    #20 0x55680bb82d49 in testing::UnitTest::Run() /tmp/tmpuqn3v2gn/student/unit_tests/lib/googletest/src/gtest.cc:5583
    #21 0x55680bc8ff8e in RUN_ALL_TESTS() /tmp/tmpuqn3v2gn/student/unit_tests/lib/googletest/include/gtest/gtest.h:2334
    #22 0x55680bc8fddb in main /tmp/tmpuqn3v2gn/student/unit_tests/lib/googletest/src/gtest_main.cc:64
    #23 0x7f206efb1d8f in __libc_start_call_main ../sysdeps/nptl/libc_start_call_main.h:58

Indirect leak of 240 byte(s) in 10 object(s) allocated from:
    #0 0x7f206fc18ba8 in operator new(unsigned long) ../../../../src/libsanitizer/asan/asan_new_delete.cpp:95
    #1 0x55680bae7484 in ObjectList::push_back(Object*) /tmp/tmpuqn3v2gn/student/objectlist.cpp:57
    #2 0x55680bae62c5 in ObjectList::ObjectList(ObjectList const&) /tmp/tmpuqn3v2gn/student/objectlist.cpp:12
    #3 0x55680baad133 in ObjectListTester_copyConstructorImplemented_expected2ListsWithTheSameElementsInTheSameOrder_Test::TestBody() /tmp/tmpuqn3v2gn/student/unit_tests/objectUniqueListTest.cpp:342
    #4 0x55680bc28469 in void testing::internal::HandleSehExceptionsInMethodIfSupported<testing::Test, void>(testing::Test*, void (testing::Test::*)(), char const*) /tmp/tmpuqn3v2gn/student/unit_tests/lib/googletest/src/gtest.cc:2653
    #5 0x55680bbfb38b in void testing::internal::HandleExceptionsInMethodIfSupported<testing::Test, void>(testing::Test*, void (testing::Test::*)(), char const*) /tmp/tmpuqn3v2gn/student/unit_tests/lib/googletest/src/gtest.cc:2689
    #6 0x55680bb3c74f in testing::Test::Run() /tmp/tmpuqn3v2gn/student/unit_tests/lib/googletest/src/gtest.cc:2728
    #7 0x55680bb4051c in testing::TestInfo::Run() /tmp/tmpuqn3v2gn/student/unit_tests/lib/googletest/src/gtest.cc:2874
    #8 0x55680bb44dc7 in testing::TestSuite::Run() /tmp/tmpuqn3v2gn/student/unit_tests/lib/googletest/src/gtest.cc:3052
    #9 0x55680bb908db in testing::internal::UnitTestImpl::RunAllTests() /tmp/tmpuqn3v2gn/student/unit_tests/lib/googletest/src/gtest.cc:6004
    #10 0x55680bc2f35d in bool testing::internal::HandleSehExceptionsInMethodIfSupported<testing::internal::UnitTestImpl, bool>(testing::internal::UnitTestImpl*, bool (testing::internal::UnitTestImpl::*)(), char const*) /tmp/tmpuqn3v2gn/student/unit_tests/lib/googletest/src/gtest.cc:2653
    #11 0x55680bc0187a in bool testing::internal::HandleExceptionsInMethodIfSupported<testing::internal::UnitTestImpl, bool>(testing::internal::UnitTestImpl*, bool (testing::internal::UnitTestImpl::*)(), char const*) /tmp/tmpuqn3v2gn/student/unit_tests/lib/googletest/src/gtest.cc:2689
    #12 0x55680bb82d49 in testing::UnitTest::Run() /tmp/tmpuqn3v2gn/student/unit_tests/lib/googletest/src/gtest.cc:5583
    #13 0x55680bc8ff8e in RUN_ALL_TESTS() /tmp/tmpuqn3v2gn/student/unit_tests/lib/googletest/include/gtest/gtest.h:2334
    #14 0x55680bc8fddb in main /tmp/tmpuqn3v2gn/student/unit_tests/lib/googletest/src/gtest_main.cc:64
    #15 0x7f206efb1d8f in __libc_start_call_main ../sysdeps/nptl/libc_start_call_main.h:58

Indirect leak of 240 byte(s) in 10 object(s) allocated from:
    #0 0x7f206fc18ba8 in operator new(unsigned long) ../../../../src/libsanitizer/asan/asan_new_delete.cpp:95
    #1 0x55680bae70d0 in ObjectList::push_front(Object*) /tmp/tmpuqn3v2gn/student/objectlist.cpp:44
    #2 0x55680bab50b2 in ObjectListTester_assignmentOperatorMoving_expectedAllElementsMoved_Test::TestBody() /tmp/tmpuqn3v2gn/student/unit_tests/objectUniqueListTest.cpp:479
    #3 0x55680bc28469 in void testing::internal::HandleSehExceptionsInMethodIfSupported<testing::Test, void>(testing::Test*, void (testing::Test::*)(), char const*) /tmp/tmpuqn3v2gn/student/unit_tests/lib/googletest/src/gtest.cc:2653
    #4 0x55680bbfb38b in void testing::internal::HandleExceptionsInMethodIfSupported<testing::Test, void>(testing::Test*, void (testing::Test::*)(), char const*) /tmp/tmpuqn3v2gn/student/unit_tests/lib/googletest/src/gtest.cc:2689
    #5 0x55680bb3c74f in testing::Test::Run() /tmp/tmpuqn3v2gn/student/unit_tests/lib/googletest/src/gtest.cc:2728
    #6 0x55680bb4051c in testing::TestInfo::Run() /tmp/tmpuqn3v2gn/student/unit_tests/lib/googletest/src/gtest.cc:2874
    #7 0x55680bb44dc7 in testing::TestSuite::Run() /tmp/tmpuqn3v2gn/student/unit_tests/lib/googletest/src/gtest.cc:3052
    #8 0x55680bb908db in testing::internal::UnitTestImpl::RunAllTests() /tmp/tmpuqn3v2gn/student/unit_tests/lib/googletest/src/gtest.cc:6004
    #9 0x55680bc2f35d in bool testing::internal::HandleSehExceptionsInMethodIfSupported<testing::internal::UnitTestImpl, bool>(testing::internal::UnitTestImpl*, bool (testing::internal::UnitTestImpl::*)(), char const*) /tmp/tmpuqn3v2gn/student/unit_tests/lib/googletest/src/gtest.cc:2653
    #10 0x55680bc0187a in bool testing::internal::HandleExceptionsInMethodIfSupported<testing::internal::UnitTestImpl, bool>(testing::internal::UnitTestImpl*, bool (testing::internal::UnitTestImpl::*)(), char const*) /tmp/tmpuqn3v2gn/student/unit_tests/lib/googletest/src/gtest.cc:2689
    #11 0x55680bb82d49 in testing::UnitTest::Run() /tmp/tmpuqn3v2gn/student/unit_tests/lib/googletest/src/gtest.cc:5583
    #12 0x55680bc8ff8e in RUN_ALL_TESTS() /tmp/tmpuqn3v2gn/student/unit_tests/lib/googletest/include/gtest/gtest.h:2334
    #13 0x55680bc8fddb in main /tmp/tmpuqn3v2gn/student/unit_tests/lib/googletest/src/gtest_main.cc:64
    #14 0x7f206efb1d8f in __libc_start_call_main ../sysdeps/nptl/libc_start_call_main.h:58

Indirect leak of 240 byte(s) in 10 object(s) allocated from:
    #0 0x7f206fc18ba8 in operator new(unsigned long) ../../../../src/libsanitizer/asan/asan_new_delete.cpp:95
    #1 0x55680bae70d0 in ObjectList::push_front(Object*) /tmp/tmpuqn3v2gn/student/objectlist.cpp:44
    #2 0x55680baad0c0 in ObjectListTester_copyConstructorImplemented_expected2ListsWithTheSameElementsInTheSameOrder_Test::TestBody() /tmp/tmpuqn3v2gn/student/unit_tests/objectUniqueListTest.cpp:337
    #3 0x55680bc28469 in void testing::internal::HandleSehExceptionsInMethodIfSupported<testing::Test, void>(testing::Test*, void (testing::Test::*)(), char const*) /tmp/tmpuqn3v2gn/student/unit_tests/lib/googletest/src/gtest.cc:2653
    #4 0x55680bbfb38b in void testing::internal::HandleExceptionsInMethodIfSupported<testing::Test, void>(testing::Test*, void (testing::Test::*)(), char const*) /tmp/tmpuqn3v2gn/student/unit_tests/lib/googletest/src/gtest.cc:2689
    #5 0x55680bb3c74f in testing::Test::Run() /tmp/tmpuqn3v2gn/student/unit_tests/lib/googletest/src/gtest.cc:2728
    #6 0x55680bb4051c in testing::TestInfo::Run() /tmp/tmpuqn3v2gn/student/unit_tests/lib/googletest/src/gtest.cc:2874
    #7 0x55680bb44dc7 in testing::TestSuite::Run() /tmp/tmpuqn3v2gn/student/unit_tests/lib/googletest/src/gtest.cc:3052
    #8 0x55680bb908db in testing::internal::UnitTestImpl::RunAllTests() /tmp/tmpuqn3v2gn/student/unit_tests/lib/googletest/src/gtest.cc:6004
    #9 0x55680bc2f35d in bool testing::internal::HandleSehExceptionsInMethodIfSupported<testing::internal::UnitTestImpl, bool>(testing::internal::UnitTestImpl*, bool (testing::internal::UnitTestImpl::*)(), char const*) /tmp/tmpuqn3v2gn/student/unit_tests/lib/googletest/src/gtest.cc:2653
    #10 0x55680bc0187a in bool testing::internal::HandleExceptionsInMethodIfSupported<testing::internal::UnitTestImpl, bool>(testing::internal::UnitTestImpl*, bool (testing::internal::UnitTestImpl::*)(), char const*) /tmp/tmpuqn3v2gn/student/unit_tests/lib/googletest/src/gtest.cc:2689
    #11 0x55680bb82d49 in testing::UnitTest::Run() /tmp/tmpuqn3v2gn/student/unit_tests/lib/googletest/src/gtest.cc:5583
    #12 0x55680bc8ff8e in RUN_ALL_TESTS() /tmp/tmpuqn3v2gn/student/unit_tests/lib/googletest/include/gtest/gtest.h:2334
    #13 0x55680bc8fddb in main /tmp/tmpuqn3v2gn/student/unit_tests/lib/googletest/src/gtest_main.cc:64
    #14 0x7f206efb1d8f in __libc_start_call_main ../sysdeps/nptl/libc_start_call_main.h:58

Indirect leak of 240 byte(s) in 10 object(s) allocated from:
    #0 0x7f206fc18ba8 in operator new(unsigned long) ../../../../src/libsanitizer/asan/asan_new_delete.cpp:95
    #1 0x55680bae70d0 in ObjectList::push_front(Object*) /tmp/tmpuqn3v2gn/student/objectlist.cpp:44
    #2 0x55680baa9cd6 in ObjectListTester_loopingWithIterators_expectedSuccess_Test::TestBody() /tmp/tmpuqn3v2gn/student/unit_tests/objectUniqueListTest.cpp:232
    #3 0x55680bc28469 in void testing::internal::HandleSehExceptionsInMethodIfSupported<testing::Test, void>(testing::Test*, void (testing::Test::*)(), char const*) /tmp/tmpuqn3v2gn/student/unit_tests/lib/googletest/src/gtest.cc:2653
    #4 0x55680bbfb38b in void testing::internal::HandleExceptionsInMethodIfSupported<testing::Test, void>(testing::Test*, void (testing::Test::*)(), char const*) /tmp/tmpuqn3v2gn/student/unit_tests/lib/googletest/src/gtest.cc:2689
    #5 0x55680bb3c74f in testing::Test::Run() /tmp/tmpuqn3v2gn/student/unit_tests/lib/googletest/src/gtest.cc:2728
    #6 0x55680bb4051c in testing::TestInfo::Run() /tmp/tmpuqn3v2gn/student/unit_tests/lib/googletest/src/gtest.cc:2874
    #7 0x55680bb44dc7 in testing::TestSuite::Run() /tmp/tmpuqn3v2gn/student/unit_tests/lib/googletest/src/gtest.cc:3052
    #8 0x55680bb908db in testing::internal::UnitTestImpl::RunAllTests() /tmp/tmpuqn3v2gn/student/unit_tests/lib/googletest/src/gtest.cc:6004
    #9 0x55680bc2f35d in bool testing::internal::HandleSehExceptionsInMethodIfSupported<testing::internal::UnitTestImpl, bool>(testing::internal::UnitTestImpl*, bool (testing::internal::UnitTestImpl::*)(), char const*) /tmp/tmpuqn3v2gn/student/unit_tests/lib/googletest/src/gtest.cc:2653
    #10 0x55680bc0187a in bool testing::internal::HandleExceptionsInMethodIfSupported<testing::internal::UnitTestImpl, bool>(testing::internal::UnitTestImpl*, bool (testing::internal::UnitTestImpl::*)(), char const*) /tmp/tmpuqn3v2gn/student/unit_tests/lib/googletest/src/gtest.cc:2689
    #11 0x55680bb82d49 in testing::UnitTest::Run() /tmp/tmpuqn3v2gn/student/unit_tests/lib/googletest/src/gtest.cc:5583
    #12 0x55680bc8ff8e in RUN_ALL_TESTS() /tmp/tmpuqn3v2gn/student/unit_tests/lib/googletest/include/gtest/gtest.h:2334
    #13 0x55680bc8fddb in main /tmp/tmpuqn3v2gn/student/unit_tests/lib/googletest/src/gtest_main.cc:64
    #14 0x7f206efb1d8f in __libc_start_call_main ../sysdeps/nptl/libc_start_call_main.h:58

Indirect leak of 240 byte(s) in 10 object(s) allocated from:
    #0 0x7f206fc18ba8 in operator new(unsigned long) ../../../../src/libsanitizer/asan/asan_new_delete.cpp:95
    #1 0x55680bae7484 in ObjectList::push_back(Object*) /tmp/tmpuqn3v2gn/student/objectlist.cpp:57
    #2 0x55680bae9211 in ObjectList::operator=(ObjectList const&) /tmp/tmpuqn3v2gn/student/objectlist.cpp:164
    #3 0x55680bab28de in ObjectListTester_assignmentOperatorCopying_expectedNewValues_Test::TestBody() /tmp/tmpuqn3v2gn/student/unit_tests/objectUniqueListTest.cpp:443
    #4 0x55680bc28469 in void testing::internal::HandleSehExceptionsInMethodIfSupported<testing::Test, void>(testing::Test*, void (testing::Test::*)(), char const*) /tmp/tmpuqn3v2gn/student/unit_tests/lib/googletest/src/gtest.cc:2653
    #5 0x55680bbfb38b in void testing::internal::HandleExceptionsInMethodIfSupported<testing::Test, void>(testing::Test*, void (testing::Test::*)(), char const*) /tmp/tmpuqn3v2gn/student/unit_tests/lib/googletest/src/gtest.cc:2689
    #6 0x55680bb3c74f in testing::Test::Run() /tmp/tmpuqn3v2gn/student/unit_tests/lib/googletest/src/gtest.cc:2728
    #7 0x55680bb4051c in testing::TestInfo::Run() /tmp/tmpuqn3v2gn/student/unit_tests/lib/googletest/src/gtest.cc:2874
    #8 0x55680bb44dc7 in testing::TestSuite::Run() /tmp/tmpuqn3v2gn/student/unit_tests/lib/googletest/src/gtest.cc:3052
    #9 0x55680bb908db in testing::internal::UnitTestImpl::RunAllTests() /tmp/tmpuqn3v2gn/student/unit_tests/lib/googletest/src/gtest.cc:6004
    #10 0x55680bc2f35d in bool testing::internal::HandleSehExceptionsInMethodIfSupported<testing::internal::UnitTestImpl, bool>(testing::internal::UnitTestImpl*, bool (testing::internal::UnitTestImpl::*)(), char const*) /tmp/tmpuqn3v2gn/student/unit_tests/lib/googletest/src/gtest.cc:2653
    #11 0x55680bc0187a in bool testing::internal::HandleExceptionsInMethodIfSupported<testing::internal::UnitTestImpl, bool>(testing::internal::UnitTestImpl*, bool (testing::internal::UnitTestImpl::*)(), char const*) /tmp/tmpuqn3v2gn/student/unit_tests/lib/googletest/src/gtest.cc:2689
    #12 0x55680bb82d49 in testing::UnitTest::Run() /tmp/tmpuqn3v2gn/student/unit_tests/lib/googletest/src/gtest.cc:5583
    #13 0x55680bc8ff8e in RUN_ALL_TESTS() /tmp/tmpuqn3v2gn/student/unit_tests/lib/googletest/include/gtest/gtest.h:2334
    #14 0x55680bc8fddb in main /tmp/tmpuqn3v2gn/student/unit_tests/lib/googletest/src/gtest_main.cc:64
    #15 0x7f206efb1d8f in __libc_start_call_main ../sysdeps/nptl/libc_start_call_main.h:58

Indirect leak of 240 byte(s) in 10 object(s) allocated from:
    #0 0x7f206fc18ba8 in operator new(unsigned long) ../../../../src/libsanitizer/asan/asan_new_delete.cpp:95
    #1 0x55680bae7484 in ObjectList::push_back(Object*) /tmp/tmpuqn3v2gn/student/objectlist.cpp:57
    #2 0x55680bae9211 in ObjectList::operator=(ObjectList const&) /tmp/tmpuqn3v2gn/student/objectlist.cpp:164
    #3 0x55680bab0cc8 in ObjectListTester_assignmentOperatorCopying_expectedNewValues_Test::TestBody() /tmp/tmpuqn3v2gn/student/unit_tests/objectUniqueListTest.cpp:416
    #4 0x55680bc28469 in void testing::internal::HandleSehExceptionsInMethodIfSupported<testing::Test, void>(testing::Test*, void (testing::Test::*)(), char const*) /tmp/tmpuqn3v2gn/student/unit_tests/lib/googletest/src/gtest.cc:2653
    #5 0x55680bbfb38b in void testing::internal::HandleExceptionsInMethodIfSupported<testing::Test, void>(testing::Test*, void (testing::Test::*)(), char const*) /tmp/tmpuqn3v2gn/student/unit_tests/lib/googletest/src/gtest.cc:2689
    #6 0x55680bb3c74f in testing::Test::Run() /tmp/tmpuqn3v2gn/student/unit_tests/lib/googletest/src/gtest.cc:2728
    #7 0x55680bb4051c in testing::TestInfo::Run() /tmp/tmpuqn3v2gn/student/unit_tests/lib/googletest/src/gtest.cc:2874
    #8 0x55680bb44dc7 in testing::TestSuite::Run() /tmp/tmpuqn3v2gn/student/unit_tests/lib/googletest/src/gtest.cc:3052
    #9 0x55680bb908db in testing::internal::UnitTestImpl::RunAllTests() /tmp/tmpuqn3v2gn/student/unit_tests/lib/googletest/src/gtest.cc:6004
    #10 0x55680bc2f35d in bool testing::internal::HandleSehExceptionsInMethodIfSupported<testing::internal::UnitTestImpl, bool>(testing::internal::UnitTestImpl*, bool (testing::internal::UnitTestImpl::*)(), char const*) /tmp/tmpuqn3v2gn/student/unit_tests/lib/googletest/src/gtest.cc:2653
    #11 0x55680bc0187a in bool testing::internal::HandleExceptionsInMethodIfSupported<testing::internal::UnitTestImpl, bool>(testing::internal::UnitTestImpl*, bool (testing::internal::UnitTestImpl::*)(), char const*) /tmp/tmpuqn3v2gn/student/unit_tests/lib/googletest/src/gtest.cc:2689
    #12 0x55680bb82d49 in testing::UnitTest::Run() /tmp/tmpuqn3v2gn/student/unit_tests/lib/googletest/src/gtest.cc:5583
    #13 0x55680bc8ff8e in RUN_ALL_TESTS() /tmp/tmpuqn3v2gn/student/unit_tests/lib/googletest/include/gtest/gtest.h:2334
    #14 0x55680bc8fddb in main /tmp/tmpuqn3v2gn/student/unit_tests/lib/googletest/src/gtest_main.cc:64
    #15 0x7f206efb1d8f in __libc_start_call_main ../sysdeps/nptl/libc_start_call_main.h:58

Indirect leak of 240 byte(s) in 10 object(s) allocated from:
    #0 0x7f206fc18ba8 in operator new(unsigned long) ../../../../src/libsanitizer/asan/asan_new_delete.cpp:95
    #1 0x55680bae70d0 in ObjectList::push_front(Object*) /tmp/tmpuqn3v2gn/student/objectlist.cpp:44
    #2 0x55680ba9fd21 in ObjectListTester_pushFrontOfElements_expectedSizeIncreases_Test::TestBody() /tmp/tmpuqn3v2gn/student/unit_tests/objectUniqueListTest.cpp:46
    #3 0x55680bc28469 in void testing::internal::HandleSehExceptionsInMethodIfSupported<testing::Test, void>(testing::Test*, void (testing::Test::*)(), char const*) /tmp/tmpuqn3v2gn/student/unit_tests/lib/googletest/src/gtest.cc:2653
    #4 0x55680bbfb38b in void testing::internal::HandleExceptionsInMethodIfSupported<testing::Test, void>(testing::Test*, void (testing::Test::*)(), char const*) /tmp/tmpuqn3v2gn/student/unit_tests/lib/googletest/src/gtest.cc:2689
    #5 0x55680bb3c74f in testing::Test::Run() /tmp/tmpuqn3v2gn/student/unit_tests/lib/googletest/src/gtest.cc:2728
    #6 0x55680bb4051c in testing::TestInfo::Run() /tmp/tmpuqn3v2gn/student/unit_tests/lib/googletest/src/gtest.cc:2874
    #7 0x55680bb44dc7 in testing::TestSuite::Run() /tmp/tmpuqn3v2gn/student/unit_tests/lib/googletest/src/gtest.cc:3052
    #8 0x55680bb908db in testing::internal::UnitTestImpl::RunAllTests() /tmp/tmpuqn3v2gn/student/unit_tests/lib/googletest/src/gtest.cc:6004
    #9 0x55680bc2f35d in bool testing::internal::HandleSehExceptionsInMethodIfSupported<testing::internal::UnitTestImpl, bool>(testing::internal::UnitTestImpl*, bool (testing::internal::UnitTestImpl::*)(), char const*) /tmp/tmpuqn3v2gn/student/unit_tests/lib/googletest/src/gtest.cc:2653
    #10 0x55680bc0187a in bool testing::internal::HandleExceptionsInMethodIfSupported<testing::internal::UnitTestImpl, bool>(testing::internal::UnitTestImpl*, bool (testing::internal::UnitTestImpl::*)(), char const*) /tmp/tmpuqn3v2gn/student/unit_tests/lib/googletest/src/gtest.cc:2689
    #11 0x55680bb82d49 in testing::UnitTest::Run() /tmp/tmpuqn3v2gn/student/unit_tests/lib/googletest/src/gtest.cc:5583
    #12 0x55680bc8ff8e in RUN_ALL_TESTS() /tmp/tmpuqn3v2gn/student/unit_tests/lib/googletest/include/gtest/gtest.h:2334
    #13 0x55680bc8fddb in main /tmp/tmpuqn3v2gn/student/unit_tests/lib/googletest/src/gtest_main.cc:64
    #14 0x7f206efb1d8f in __libc_start_call_main ../sysdeps/nptl/libc_start_call_main.h:58

Indirect leak of 240 byte(s) in 10 object(s) allocated from:
    #0 0x7f206fc18ba8 in operator new(unsigned long) ../../../../src/libsanitizer/asan/asan_new_delete.cpp:95
    #1 0x55680bae70d0 in ObjectList::push_front(Object*) /tmp/tmpuqn3v2gn/student/objectlist.cpp:44
    #2 0x55680bab02cb in ObjectListTester_assignmentOperatorCopying_expectedNewValues_Test::TestBody() /tmp/tmpuqn3v2gn/student/unit_tests/objectUniqueListTest.cpp:402
    #3 0x55680bc28469 in void testing::internal::HandleSehExceptionsInMethodIfSupported<testing::Test, void>(testing::Test*, void (testing::Test::*)(), char const*) /tmp/tmpuqn3v2gn/student/unit_tests/lib/googletest/src/gtest.cc:2653
    #4 0x55680bbfb38b in void testing::internal::HandleExceptionsInMethodIfSupported<testing::Test, void>(testing::Test*, void (testing::Test::*)(), char const*) /tmp/tmpuqn3v2gn/student/unit_tests/lib/googletest/src/gtest.cc:2689
    #5 0x55680bb3c74f in testing::Test::Run() /tmp/tmpuqn3v2gn/student/unit_tests/lib/googletest/src/gtest.cc:2728
    #6 0x55680bb4051c in testing::TestInfo::Run() /tmp/tmpuqn3v2gn/student/unit_tests/lib/googletest/src/gtest.cc:2874
    #7 0x55680bb44dc7 in testing::TestSuite::Run() /tmp/tmpuqn3v2gn/student/unit_tests/lib/googletest/src/gtest.cc:3052
    #8 0x55680bb908db in testing::internal::UnitTestImpl::RunAllTests() /tmp/tmpuqn3v2gn/student/unit_tests/lib/googletest/src/gtest.cc:6004
    #9 0x55680bc2f35d in bool testing::internal::HandleSehExceptionsInMethodIfSupported<testing::internal::UnitTestImpl, bool>(testing::internal::UnitTestImpl*, bool (testing::internal::UnitTestImpl::*)(), char const*) /tmp/tmpuqn3v2gn/student/unit_tests/lib/googletest/src/gtest.cc:2653
    #10 0x55680bc0187a in bool testing::internal::HandleExceptionsInMethodIfSupported<testing::internal::UnitTestImpl, bool>(testing::internal::UnitTestImpl*, bool (testing::internal::UnitTestImpl::*)(), char const*) /tmp/tmpuqn3v2gn/student/unit_tests/lib/googletest/src/gtest.cc:2689
    #11 0x55680bb82d49 in testing::UnitTest::Run() /tmp/tmpuqn3v2gn/student/unit_tests/lib/googletest/src/gtest.cc:5583
    #12 0x55680bc8ff8e in RUN_ALL_TESTS() /tmp/tmpuqn3v2gn/student/unit_tests/lib/googletest/include/gtest/gtest.h:2334
    #13 0x55680bc8fddb in main /tmp/tmpuqn3v2gn/student/unit_tests/lib/googletest/src/gtest_main.cc:64
    #14 0x7f206efb1d8f in __libc_start_call_main ../sysdeps/nptl/libc_start_call_main.h:58

Indirect leak of 240 byte(s) in 10 object(s) allocated from:
    #0 0x7f206fc18ba8 in operator new(unsigned long) ../../../../src/libsanitizer/asan/asan_new_delete.cpp:95
    #1 0x55680bae70d0 in ObjectList::push_front(Object*) /tmp/tmpuqn3v2gn/student/objectlist.cpp:44
    #2 0x55680baaea96 in ObjectListTester_moveConstructorImplemented_expectedAllElementsMovedToOrderContainer_Test::TestBody() /tmp/tmpuqn3v2gn/student/unit_tests/objectUniqueListTest.cpp:371
    #3 0x55680bc28469 in void testing::internal::HandleSehExceptionsInMethodIfSupported<testing::Test, void>(testing::Test*, void (testing::Test::*)(), char const*) /tmp/tmpuqn3v2gn/student/unit_tests/lib/googletest/src/gtest.cc:2653
    #4 0x55680bbfb38b in void testing::internal::HandleExceptionsInMethodIfSupported<testing::Test, void>(testing::Test*, void (testing::Test::*)(), char const*) /tmp/tmpuqn3v2gn/student/unit_tests/lib/googletest/src/gtest.cc:2689
    #5 0x55680bb3c74f in testing::Test::Run() /tmp/tmpuqn3v2gn/student/unit_tests/lib/googletest/src/gtest.cc:2728
    #6 0x55680bb4051c in testing::TestInfo::Run() /tmp/tmpuqn3v2gn/student/unit_tests/lib/googletest/src/gtest.cc:2874
    #7 0x55680bb44dc7 in testing::TestSuite::Run() /tmp/tmpuqn3v2gn/student/unit_tests/lib/googletest/src/gtest.cc:3052
    #8 0x55680bb908db in testing::internal::UnitTestImpl::RunAllTests() /tmp/tmpuqn3v2gn/student/unit_tests/lib/googletest/src/gtest.cc:6004
    #9 0x55680bc2f35d in bool testing::internal::HandleSehExceptionsInMethodIfSupported<testing::internal::UnitTestImpl, bool>(testing::internal::UnitTestImpl*, bool (testing::internal::UnitTestImpl::*)(), char const*) /tmp/tmpuqn3v2gn/student/unit_tests/lib/googletest/src/gtest.cc:2653
    #10 0x55680bc0187a in bool testing::internal::HandleExceptionsInMethodIfSupported<testing::internal::UnitTestImpl, bool>(testing::internal::UnitTestImpl*, bool (testing::internal::UnitTestImpl::*)(), char const*) /tmp/tmpuqn3v2gn/student/unit_tests/lib/googletest/src/gtest.cc:2689
    #11 0x55680bb82d49 in testing::UnitTest::Run() /tmp/tmpuqn3v2gn/student/unit_tests/lib/googletest/src/gtest.cc:5583
    #12 0x55680bc8ff8e in RUN_ALL_TESTS() /tmp/tmpuqn3v2gn/student/unit_tests/lib/googletest/include/gtest/gtest.h:2334
    #13 0x55680bc8fddb in main /tmp/tmpuqn3v2gn/student/unit_tests/lib/googletest/src/gtest_main.cc:64
    #14 0x7f206efb1d8f in __libc_start_call_main ../sysdeps/nptl/libc_start_call_main.h:58

Indirect leak of 240 byte(s) in 10 object(s) allocated from:
    #0 0x7f206fc18ba8 in operator new(unsigned long) ../../../../src/libsanitizer/asan/asan_new_delete.cpp:95
    #1 0x55680bae70d0 in ObjectList::push_front(Object*) /tmp/tmpuqn3v2gn/student/objectlist.cpp:44
    #2 0x55680baa0dbc in ObjectListTester_pushFrontOfDuplicatedElements_expectedSizeIncreasesOnlyWhenUniqueElementAdded_Test::TestBody() /tmp/tmpuqn3v2gn/student/unit_tests/objectUniqueListTest.cpp:63
    #3 0x55680bc28469 in void testing::internal::HandleSehExceptionsInMethodIfSupported<testing::Test, void>(testing::Test*, void (testing::Test::*)(), char const*) /tmp/tmpuqn3v2gn/student/unit_tests/lib/googletest/src/gtest.cc:2653
    #4 0x55680bbfb38b in void testing::internal::HandleExceptionsInMethodIfSupported<testing::Test, void>(testing::Test*, void (testing::Test::*)(), char const*) /tmp/tmpuqn3v2gn/student/unit_tests/lib/googletest/src/gtest.cc:2689
    #5 0x55680bb3c74f in testing::Test::Run() /tmp/tmpuqn3v2gn/student/unit_tests/lib/googletest/src/gtest.cc:2728
    #6 0x55680bb4051c in testing::TestInfo::Run() /tmp/tmpuqn3v2gn/student/unit_tests/lib/googletest/src/gtest.cc:2874
    #7 0x55680bb44dc7 in testing::TestSuite::Run() /tmp/tmpuqn3v2gn/student/unit_tests/lib/googletest/src/gtest.cc:3052
    #8 0x55680bb908db in testing::internal::UnitTestImpl::RunAllTests() /tmp/tmpuqn3v2gn/student/unit_tests/lib/googletest/src/gtest.cc:6004
    #9 0x55680bc2f35d in bool testing::internal::HandleSehExceptionsInMethodIfSupported<testing::internal::UnitTestImpl, bool>(testing::internal::UnitTestImpl*, bool (testing::internal::UnitTestImpl::*)(), char const*) /tmp/tmpuqn3v2gn/student/unit_tests/lib/googletest/src/gtest.cc:2653
    #10 0x55680bc0187a in bool testing::internal::HandleExceptionsInMethodIfSupported<testing::internal::UnitTestImpl, bool>(testing::internal::UnitTestImpl*, bool (testing::internal::UnitTestImpl::*)(), char const*) /tmp/tmpuqn3v2gn/student/unit_tests/lib/googletest/src/gtest.cc:2689
    #11 0x55680bb82d49 in testing::UnitTest::Run() /tmp/tmpuqn3v2gn/student/unit_tests/lib/googletest/src/gtest.cc:5583
    #12 0x55680bc8ff8e in RUN_ALL_TESTS() /tmp/tmpuqn3v2gn/student/unit_tests/lib/googletest/include/gtest/gtest.h:2334
    #13 0x55680bc8fddb in main /tmp/tmpuqn3v2gn/student/unit_tests/lib/googletest/src/gtest_main.cc:64
    #14 0x7f206efb1d8f in __libc_start_call_main ../sysdeps/nptl/libc_start_call_main.h:58

Indirect leak of 216 byte(s) in 9 object(s) allocated from:
    #0 0x7f206fc18ba8 in operator new(unsigned long) ../../../../src/libsanitizer/asan/asan_new_delete.cpp:95
    #1 0x55680bae70d0 in ObjectList::push_front(Object*) /tmp/tmpuqn3v2gn/student/objectlist.cpp:44
    #2 0x55680baabdaf in ObjectListTester_eraseMiddleElement_expectedMiddleElementErased_Test::TestBody() /tmp/tmpuqn3v2gn/student/unit_tests/objectUniqueListTest.cpp:299
    #3 0x55680bc28469 in void testing::internal::HandleSehExceptionsInMethodIfSupported<testing::Test, void>(testing::Test*, void (testing::Test::*)(), char const*) /tmp/tmpuqn3v2gn/student/unit_tests/lib/googletest/src/gtest.cc:2653
    #4 0x55680bbfb38b in void testing::internal::HandleExceptionsInMethodIfSupported<testing::Test, void>(testing::Test*, void (testing::Test::*)(), char const*) /tmp/tmpuqn3v2gn/student/unit_tests/lib/googletest/src/gtest.cc:2689
    #5 0x55680bb3c74f in testing::Test::Run() /tmp/tmpuqn3v2gn/student/unit_tests/lib/googletest/src/gtest.cc:2728
    #6 0x55680bb4051c in testing::TestInfo::Run() /tmp/tmpuqn3v2gn/student/unit_tests/lib/googletest/src/gtest.cc:2874
    #7 0x55680bb44dc7 in testing::TestSuite::Run() /tmp/tmpuqn3v2gn/student/unit_tests/lib/googletest/src/gtest.cc:3052
    #8 0x55680bb908db in testing::internal::UnitTestImpl::RunAllTests() /tmp/tmpuqn3v2gn/student/unit_tests/lib/googletest/src/gtest.cc:6004
    #9 0x55680bc2f35d in bool testing::internal::HandleSehExceptionsInMethodIfSupported<testing::internal::UnitTestImpl, bool>(testing::internal::UnitTestImpl*, bool (testing::internal::UnitTestImpl::*)(), char const*) /tmp/tmpuqn3v2gn/student/unit_tests/lib/googletest/src/gtest.cc:2653
    #10 0x55680bc0187a in bool testing::internal::HandleExceptionsInMethodIfSupported<testing::internal::UnitTestImpl, bool>(testing::internal::UnitTestImpl*, bool (testing::internal::UnitTestImpl::*)(), char const*) /tmp/tmpuqn3v2gn/student/unit_tests/lib/googletest/src/gtest.cc:2689
    #11 0x55680bb82d49 in testing::UnitTest::Run() /tmp/tmpuqn3v2gn/student/unit_tests/lib/googletest/src/gtest.cc:5583
    #12 0x55680bc8ff8e in RUN_ALL_TESTS() /tmp/tmpuqn3v2gn/student/unit_tests/lib/googletest/include/gtest/gtest.h:2334
    #13 0x55680bc8fddb in main /tmp/tmpuqn3v2gn/student/unit_tests/lib/googletest/src/gtest_main.cc:64
    #14 0x7f206efb1d8f in __libc_start_call_main ../sysdeps/nptl/libc_start_call_main.h:58

Indirect leak of 216 byte(s) in 9 object(s) allocated from:
    #0 0x7f206fc18ba8 in operator new(unsigned long) ../../../../src/libsanitizer/asan/asan_new_delete.cpp:95
    #1 0x55680bae70d0 in ObjectList::push_front(Object*) /tmp/tmpuqn3v2gn/student/objectlist.cpp:44
    #2 0x55680baaa9fc in ObjectListTester_eraseAfterMiddleElement_expectedMiddleElementErased_Test::TestBody() /tmp/tmpuqn3v2gn/student/unit_tests/objectUniqueListTest.cpp:259
    #3 0x55680bc28469 in void testing::internal::HandleSehExceptionsInMethodIfSupported<testing::Test, void>(testing::Test*, void (testing::Test::*)(), char const*) /tmp/tmpuqn3v2gn/student/unit_tests/lib/googletest/src/gtest.cc:2653
    #4 0x55680bbfb38b in void testing::internal::HandleExceptionsInMethodIfSupported<testing::Test, void>(testing::Test*, void (testing::Test::*)(), char const*) /tmp/tmpuqn3v2gn/student/unit_tests/lib/googletest/src/gtest.cc:2689
    #5 0x55680bb3c74f in testing::Test::Run() /tmp/tmpuqn3v2gn/student/unit_tests/lib/googletest/src/gtest.cc:2728
    #6 0x55680bb4051c in testing::TestInfo::Run() /tmp/tmpuqn3v2gn/student/unit_tests/lib/googletest/src/gtest.cc:2874
    #7 0x55680bb44dc7 in testing::TestSuite::Run() /tmp/tmpuqn3v2gn/student/unit_tests/lib/googletest/src/gtest.cc:3052
    #8 0x55680bb908db in testing::internal::UnitTestImpl::RunAllTests() /tmp/tmpuqn3v2gn/student/unit_tests/lib/googletest/src/gtest.cc:6004
    #9 0x55680bc2f35d in bool testing::internal::HandleSehExceptionsInMethodIfSupported<testing::internal::UnitTestImpl, bool>(testing::internal::UnitTestImpl*, bool (testing::internal::UnitTestImpl::*)(), char const*) /tmp/tmpuqn3v2gn/student/unit_tests/lib/googletest/src/gtest.cc:2653
    #10 0x55680bc0187a in bool testing::internal::HandleExceptionsInMethodIfSupported<testing::internal::UnitTestImpl, bool>(testing::internal::UnitTestImpl*, bool (testing::internal::UnitTestImpl::*)(), char const*) /tmp/tmpuqn3v2gn/student/unit_tests/lib/googletest/src/gtest.cc:2689
    #11 0x55680bb82d49 in testing::UnitTest::Run() /tmp/tmpuqn3v2gn/student/unit_tests/lib/googletest/src/gtest.cc:5583
    #12 0x55680bc8ff8e in RUN_ALL_TESTS() /tmp/tmpuqn3v2gn/student/unit_tests/lib/googletest/include/gtest/gtest.h:2334
    #13 0x55680bc8fddb in main /tmp/tmpuqn3v2gn/student/unit_tests/lib/googletest/src/gtest_main.cc:64
    #14 0x7f206efb1d8f in __libc_start_call_main ../sysdeps/nptl/libc_start_call_main.h:58

SUMMARY: AddressSanitizer: 10439 byte(s) leaked in 308 allocation(s).
Running main() from /tmp/tmpuqn3v2gn/student/unit_tests/lib/googletest/src/gtest_main.cc
[==========] Running 6 tests from 2 test suites.
[----------] Global test environment set-up.
[----------] 2 tests from CommandsParserSystemTester
[ RUN      ] CommandsParserSystemTester.executingOurProgramWithoutAnyInput_expectedNoOutput
/tmp/tmpuqn3v2gn/student/system_tests/executableTests.cpp:102: Failure
Expected equality of these values:
  0
  output.linesOfStdout_.size()
    Which is: 2

[  FAILED  ] CommandsParserSystemTester.executingOurProgramWithoutAnyInput_expectedNoOutput (15 ms)
[ RUN      ] CommandsParserSystemTester.testInvalidCommand
/tmp/tmpuqn3v2gn/student/system_tests/executableTests.cpp:113: Failure
Expected equality of these values:
  0
  output.linesOfStdout_.size()
    Which is: 2
expectedNoOutput, but realOutput:
Hello Dzmitry Nikitsin!
make Your teacher: bazior[at]agh.edu.pl proud of you!


[  FAILED  ] CommandsParserSystemTester.testInvalidCommand (14 ms)
[----------] 2 tests from CommandsParserSystemTester (29 ms total)

[----------] 4 tests from CommandsParserSystemTester/CommandsParserSystemTester
[ RUN      ] CommandsParserSystemTester/CommandsParserSystemTester.testVariousScenariosUsingInputAndOutputFiles/0
/tmp/tmpuqn3v2gn/student/system_tests/executableTests.cpp:126: Failure
Expected equality of these values:
  expectedOutputFileLines.size()
    Which is: 1
  output.linesOfStdout_.size()
    Which is: 2
expectedOutput:
StringObject("Kazdy test, ktory przechodzi, to wiecej punktow!")

realOutput:
Hello Dzmitry Nikitsin!
make Your teacher: bazior[at]agh.edu.pl proud of you!


[  FAILED  ] CommandsParserSystemTester/CommandsParserSystemTester.testVariousScenariosUsingInputAndOutputFiles/0, where GetParam() = "sumStringObject" (155 ms)
[ RUN      ] CommandsParserSystemTester/CommandsParserSystemTester.testVariousScenariosUsingInputAndOutputFiles/1
/tmp/tmpuqn3v2gn/student/system_tests/executableTests.cpp:126: Failure
Expected equality of these values:
  expectedOutputFileLines.size()
    Which is: 1
  output.linesOfStdout_.size()
    Which is: 3
expectedOutput:
DoubleObject(5.000000)

realOutput:
DoubleObject(4.000000)
Hello Dzmitry Nikitsin!
make Your teacher: bazior[at]agh.edu.pl proud of you!


[  FAILED  ] CommandsParserSystemTester/CommandsParserSystemTester.testVariousScenariosUsingInputAndOutputFiles/1, where GetParam() = "sumDoubleObject" (186 ms)
[ RUN      ] CommandsParserSystemTester/CommandsParserSystemTester.testVariousScenariosUsingInputAndOutputFiles/2
/tmp/tmpuqn3v2gn/student/system_tests/executableTests.cpp:126: Failure
Expected equality of these values:
  expectedOutputFileLines.size()
    Which is: 4
  output.linesOfStdout_.size()
    Which is: 5
expectedOutput:
IntObject(6)
DoubleObject(10.000000)
StringObject("Grazyna i JanuszGrazyna i Janusz")
ComplexObject(8+4i)

realOutput:
IntObject(6)
DoubleObject(10.000000)
ComplexObject(8+4i)
Hello Dzmitry Nikitsin!
make Your teacher: bazior[at]agh.edu.pl proud of you!


[  FAILED  ] CommandsParserSystemTester/CommandsParserSystemTester.testVariousScenariosUsingInputAndOutputFiles/2, where GetParam() = "mulDifferentTypes" (193 ms)
[ RUN      ] CommandsParserSystemTester/CommandsParserSystemTester.testVariousScenariosUsingInputAndOutputFiles/3
/tmp/tmpuqn3v2gn/student/system_tests/executableTests.cpp:126: Failure
Expected equality of these values:
  expectedOutputFileLines.size()
    Which is: 5
  output.linesOfStdout_.size()
    Which is: 7
expectedOutput:
ComplexObject(1+4i)
ComplexObject(4-2i)
ComplexObject(44)
ComplexObject(0+22i)
ComplexObject(0+1i)

realOutput:
ComplexObject("1 + 4i")
ComplexObject("1 + 4i")
ComplexObject("1 + 4i")
ComplexObject("1 + 4i")
ComplexObject("1 + 4i")
Hello Dzmitry Nikitsin!
make Your teacher: bazior[at]agh.edu.pl proud of you!


[  FAILED  ] CommandsParserSystemTester/CommandsParserSystemTester.testVariousScenariosUsingInputAndOutputFiles/3, where GetParam() = "getByIndexComplexObject" (160 ms)
[----------] 4 tests from CommandsParserSystemTester/CommandsParserSystemTester (697 ms total)

[----------] Global test environment tear-down
[==========] 6 tests from 2 test suites ran. (727 ms total)
[  PASSED  ] 0 tests.
[  FAILED  ] 6 tests, listed below:
[  FAILED  ] CommandsParserSystemTester.executingOurProgramWithoutAnyInput_expectedNoOutput
[  FAILED  ] CommandsParserSystemTester.testInvalidCommand
[  FAILED  ] CommandsParserSystemTester/CommandsParserSystemTester.testVariousScenariosUsingInputAndOutputFiles/0, where GetParam() = "sumStringObject"
[  FAILED  ] CommandsParserSystemTester/CommandsParserSystemTester.testVariousScenariosUsingInputAndOutputFiles/1, where GetParam() = "sumDoubleObject"
[  FAILED  ] CommandsParserSystemTester/CommandsParserSystemTester.testVariousScenariosUsingInputAndOutputFiles/2, where GetParam() = "mulDifferentTypes"
[  FAILED  ] CommandsParserSystemTester/CommandsParserSystemTester.testVariousScenariosUsingInputAndOutputFiles/3, where GetParam() = "getByIndexComplexObject"

 6 FAILED TESTS
